<?xml version="1.0"?>
<testResults>
  <FitNesseVersion>v20100303</FitNesseVersion>
  <rootPath>FormTest</rootPath>
    <result>
    <counts>
      <right>1</right>
      <wrong>2</wrong>
      <ignores>0</ignores>
      <exceptions>38</exceptions>
    </counts>
    <content><![CDATA[This examples shows the basics of filling in a form with FitNium<a title="create page" href="FitniumUserGuide.FitGuides.FitNium?edit&nonExistent=true">[?]</a><br/><br/>Note: Some of the tests are expected to fail ( i.e show red ) to<br/>demonstrate who to check for failures !!!<br/><br/><span class="meta">classpath: fitnesse.jar</span><br/><span class="meta">classpath: fitlibrary.jar</span><br/><span class="meta">classpath: ./dist/fitnium2.jar</span><br/><span class="meta">classpath: ./selenium-remote-control-1.0.3/selenium-java-client-driver-1.0.1/selenium-java-client-driver.jar</span><br/><br/><table border="1" cellspacing="0">
<tr><td>com.magneticreason.fitnium.BaseFitniumFixture</td>
</tr>
</table>
<br/>Set up the browser and connect to selenium<br/><br/><table border="1" cellspacing="0">
<tr><td>The server is located at</td>
<td colspan="3">localhost</td>
</tr>
<tr><td>The server is on port</td>
<td colspan="3">4444</td>
</tr>
<tr><td>Using the browser</td>
<td>*firefox</td>
<td>start at</td>
<td><a href="http://localhost:8090/fitnium/">http://localhost:8090/fitnium/</a></td>
</tr>
<tr><td>check</td>
<td>is selenium initialised</td>
<td colspan="2" class="pass">true</td>
</tr>
<tr><td>set speed to</td>
<td>500</td>
<td colspan="2">milliseconds</td>
</tr>
<tr><td>set timeout to</td>
<td>50000</td>
<td colspan="2">milliseconds</td>
</tr>
<tr><td>write to debug</td>
<td colspan="3">starting test</td>
</tr>
</table>
<br/>Lets first start at the FitNium<a title="create page" href="FitniumUserGuide.FitGuides.FitNium?edit&nonExistent=true">[?]</a> home page at Magnetic Reason<br/><br/><table border="1" cellspacing="0">
<tr><td class="error">starting at URL<hr><pre><div class="fit_stacktrace">com.thoughtworks.selenium.SeleniumException: XHR ERROR: URL = http://localhost:8090/tools/fitnium/testpage1.html Response_Code = 404 Error_Message = Not Found
	at com.thoughtworks.selenium.HttpCommandProcessor.throwAssertionFailureExceptionOrError(HttpCommandProcessor.java:97)
	at com.thoughtworks.selenium.HttpCommandProcessor.doCommand(HttpCommandProcessor.java:91)
	at com.thoughtworks.selenium.DefaultSelenium.open(DefaultSelenium.java:335)
	at com.magneticreason.fitnium.api.FitniumSeleniumAPI.startingAtURL(FitniumSeleniumAPI.java:17)
	at com.magneticreason.fitnium.BaseFitniumFixture.startingAtURL(BaseFitniumFixture.java:300)
	at sun.reflect.NativeMethodAccessorImpl.invoke0(Native Method)
	at sun.reflect.NativeMethodAccessorImpl.invoke(Unknown Source)
	at sun.reflect.DelegatingMethodAccessorImpl.invoke(Unknown Source)
	at java.lang.reflect.Method.invoke(Unknown Source)
	at fitlibrary.closure.MethodClosure.invoke(MethodClosure.java:31)
	at fitlibrary.closure.MethodClosure.invokeTyped(MethodClosure.java:24)
	at fitlibrary.closure.CalledMethodTarget.invokeTyped(CalledMethodTarget.java:67)
	at fitlibrary.closure.CalledMethodTarget.invokeTyped(CalledMethodTarget.java:82)
	at fitlibrary.closure.CalledMethodTarget.invokeAndWrap(CalledMethodTarget.java:242)
	at fitlibrary.traverse.workflow.caller.ActionCaller.run(ActionCaller.java:25)
	at fitlibrary.traverse.workflow.DoTraverseInterpreter.interpretRow(DoTraverseInterpreter.java:152)
	at fitlibrary.traverse.workflow.DoTraverseInterpreter.interpretWholeTable(DoTraverseInterpreter.java:94)
	at fitlibrary.traverse.workflow.DoTraverseInterpreter.interpretWholeTable(DoTraverseInterpreter.java:87)
	at fitlibrary.DoFixture.interpretWholeTable(DoFixture.java:69)
	at fitlibrary.suite.InFlowPageRunner.run(InFlowPageRunner.java:34)
	at fitlibrary.DoFixture.interpretTables(DoFixture.java:42)
	at fit.Fixture.doTables(Fixture.java:79)
	at fit.FitServer.process(FitServer.java:81)
	at fit.FitServer.run(FitServer.java:56)
	at fit.FitServer.main(FitServer.java:41)
</div></pre></td>
<td colspan="3">/tools/fitnium/testpage1.html</td>
</tr>
<tr><td>check</td>
<td>title of current page</td>
<td colspan="2" class="fail">Magnetic Reason <span class="fit_label">expected</span><hr> <span class="fit_label">actual</span></td>
</tr>
<tr><td>check</td>
<td>text of element</td>
<td>xpath=//h1</td>
<td class="error">Fitnium Test Page<hr><pre><div class="fit_stacktrace">com.thoughtworks.selenium.SeleniumException: ERROR: Element xpath=//h1 not found
	at com.thoughtworks.selenium.HttpCommandProcessor.throwAssertionFailureExceptionOrError(HttpCommandProcessor.java:97)
	at com.thoughtworks.selenium.HttpCommandProcessor.doCommand(HttpCommandProcessor.java:91)
	at com.thoughtworks.selenium.HttpCommandProcessor.getString(HttpCommandProcessor.java:262)
	at com.thoughtworks.selenium.DefaultSelenium.getText(DefaultSelenium.java:435)
	at com.magneticreason.fitnium.api.FitniumElementAPI.textOfElement(FitniumElementAPI.java:94)
	at com.magneticreason.fitnium.BaseFitniumFixture.textOfElement(BaseFitniumFixture.java:1038)
	at sun.reflect.NativeMethodAccessorImpl.invoke0(Native Method)
	at sun.reflect.NativeMethodAccessorImpl.invoke(Unknown Source)
	at sun.reflect.DelegatingMethodAccessorImpl.invoke(Unknown Source)
	at java.lang.reflect.Method.invoke(Unknown Source)
	at fitlibrary.closure.MethodClosure.invoke(MethodClosure.java:31)
	at fitlibrary.closure.CalledMethodTarget.invoke(CalledMethodTarget.java:64)
	at fitlibrary.closure.CalledMethodTarget.invoke(CalledMethodTarget.java:93)
	at fitlibrary.closure.CalledMethodTarget.invokeAndCheck(CalledMethodTarget.java:118)
	at fitlibrary.traverse.workflow.DoTraverse.check(DoTraverse.java:185)
	at sun.reflect.NativeMethodAccessorImpl.invoke0(Native Method)
	at sun.reflect.NativeMethodAccessorImpl.invoke(Unknown Source)
	at sun.reflect.DelegatingMethodAccessorImpl.invoke(Unknown Source)
	at java.lang.reflect.Method.invoke(Unknown Source)
	at fitlibrary.closure.MethodClosure.invoke(MethodClosure.java:31)
	at fitlibrary.closure.CalledMethodTarget.invoke(CalledMethodTarget.java:64)
	at fitlibrary.traverse.workflow.caller.SpecialCaller.run(SpecialCaller.java:22)
	at fitlibrary.traverse.workflow.DoTraverseInterpreter.interpretRow(DoTraverseInterpreter.java:152)
	at fitlibrary.traverse.workflow.DoTraverseInterpreter.interpretAfterFirstRow(DoTraverseInterpreter.java:64)
	at fitlibrary.traverse.workflow.DoTraverseInterpreter.interpretInFlow(DoTraverseInterpreter.java:132)
	at fitlibrary.traverse.workflow.DoTraverseInterpreter.interpretWholeTable(DoTraverseInterpreter.java:101)
	at fitlibrary.traverse.workflow.DoTraverseInterpreter.interpretWholeTable(DoTraverseInterpreter.java:87)
	at fitlibrary.DoFixture.interpretWholeTable(DoFixture.java:69)
	at fitlibrary.suite.InFlowPageRunner.run(InFlowPageRunner.java:34)
	at fitlibrary.DoFixture.interpretTables(DoFixture.java:42)
	at fit.Fixture.doTables(Fixture.java:79)
	at fit.FitServer.process(FitServer.java:81)
	at fit.FitServer.run(FitServer.java:56)
	at fit.FitServer.main(FitServer.java:41)
</div></pre></td>
</tr>
</table>
<br/><table border="1" cellspacing="0">
<tr><td>check</td>
<td>is Text Present</td>
<td>This page contains all the elements neccassary</td>
<td class="fail">true <span class="fit_label">expected</span><hr>false <span class="fit_label">actual</span></td>
</tr>
</table>
<br/>Complete over kill this bit, buts shows how we can check that the fields are the<br/>atleast editable, or selectable<br/><br/><table border="1" cellspacing="0">
<tr><td>check</td>
<td>input field</td>
<td>name=firstname</td>
<td>is editable</td>
<td class="error">true<hr><pre><div class="fit_stacktrace">com.thoughtworks.selenium.SeleniumException: ERROR: Element name=firstname not found
	at com.thoughtworks.selenium.HttpCommandProcessor.throwAssertionFailureExceptionOrError(HttpCommandProcessor.java:97)
	at com.thoughtworks.selenium.HttpCommandProcessor.doCommand(HttpCommandProcessor.java:91)
	at com.thoughtworks.selenium.HttpCommandProcessor.getString(HttpCommandProcessor.java:262)
	at com.thoughtworks.selenium.HttpCommandProcessor.getBoolean(HttpCommandProcessor.java:335)
	at com.thoughtworks.selenium.DefaultSelenium.isEditable(DefaultSelenium.java:511)
	at com.magneticreason.fitnium.api.FitniumInputFieldAPI.inputFieldIsEditable(FitniumInputFieldAPI.java:24)
	at com.magneticreason.fitnium.BaseFitniumFixture.inputFieldIsEditable(BaseFitniumFixture.java:1953)
	at sun.reflect.NativeMethodAccessorImpl.invoke0(Native Method)
	at sun.reflect.NativeMethodAccessorImpl.invoke(Unknown Source)
	at sun.reflect.DelegatingMethodAccessorImpl.invoke(Unknown Source)
	at java.lang.reflect.Method.invoke(Unknown Source)
	at fitlibrary.closure.MethodClosure.invoke(MethodClosure.java:31)
	at fitlibrary.closure.CalledMethodTarget.invoke(CalledMethodTarget.java:64)
	at fitlibrary.closure.CalledMethodTarget.invoke(CalledMethodTarget.java:93)
	at fitlibrary.closure.CalledMethodTarget.invokeAndCheck(CalledMethodTarget.java:118)
	at fitlibrary.traverse.workflow.DoTraverse.check(DoTraverse.java:185)
	at sun.reflect.NativeMethodAccessorImpl.invoke0(Native Method)
	at sun.reflect.NativeMethodAccessorImpl.invoke(Unknown Source)
	at sun.reflect.DelegatingMethodAccessorImpl.invoke(Unknown Source)
	at java.lang.reflect.Method.invoke(Unknown Source)
	at fitlibrary.closure.MethodClosure.invoke(MethodClosure.java:31)
	at fitlibrary.closure.CalledMethodTarget.invoke(CalledMethodTarget.java:64)
	at fitlibrary.traverse.workflow.caller.SpecialCaller.run(SpecialCaller.java:22)
	at fitlibrary.traverse.workflow.DoTraverseInterpreter.interpretRow(DoTraverseInterpreter.java:152)
	at fitlibrary.traverse.workflow.DoTraverseInterpreter.interpretWholeTable(DoTraverseInterpreter.java:94)
	at fitlibrary.traverse.workflow.DoTraverseInterpreter.interpretWholeTable(DoTraverseInterpreter.java:87)
	at fitlibrary.DoFixture.interpretWholeTable(DoFixture.java:69)
	at fitlibrary.suite.InFlowPageRunner.run(InFlowPageRunner.java:34)
	at fitlibrary.DoFixture.interpretTables(DoFixture.java:42)
	at fit.Fixture.doTables(Fixture.java:79)
	at fit.FitServer.process(FitServer.java:81)
	at fit.FitServer.run(FitServer.java:56)
	at fit.FitServer.main(FitServer.java:41)
</div></pre></td>
</tr>
<tr><td>check</td>
<td>input field</td>
<td>name=midname</td>
<td>is editable</td>
<td class="error">true<hr><pre><div class="fit_stacktrace">com.thoughtworks.selenium.SeleniumException: ERROR: Element name=midname not found
	at com.thoughtworks.selenium.HttpCommandProcessor.throwAssertionFailureExceptionOrError(HttpCommandProcessor.java:97)
	at com.thoughtworks.selenium.HttpCommandProcessor.doCommand(HttpCommandProcessor.java:91)
	at com.thoughtworks.selenium.HttpCommandProcessor.getString(HttpCommandProcessor.java:262)
	at com.thoughtworks.selenium.HttpCommandProcessor.getBoolean(HttpCommandProcessor.java:335)
	at com.thoughtworks.selenium.DefaultSelenium.isEditable(DefaultSelenium.java:511)
	at com.magneticreason.fitnium.api.FitniumInputFieldAPI.inputFieldIsEditable(FitniumInputFieldAPI.java:24)
	at com.magneticreason.fitnium.BaseFitniumFixture.inputFieldIsEditable(BaseFitniumFixture.java:1953)
	at sun.reflect.NativeMethodAccessorImpl.invoke0(Native Method)
	at sun.reflect.NativeMethodAccessorImpl.invoke(Unknown Source)
	at sun.reflect.DelegatingMethodAccessorImpl.invoke(Unknown Source)
	at java.lang.reflect.Method.invoke(Unknown Source)
	at fitlibrary.closure.MethodClosure.invoke(MethodClosure.java:31)
	at fitlibrary.closure.CalledMethodTarget.invoke(CalledMethodTarget.java:64)
	at fitlibrary.closure.CalledMethodTarget.invoke(CalledMethodTarget.java:93)
	at fitlibrary.closure.CalledMethodTarget.invokeAndCheck(CalledMethodTarget.java:118)
	at fitlibrary.traverse.workflow.DoTraverse.check(DoTraverse.java:185)
	at sun.reflect.NativeMethodAccessorImpl.invoke0(Native Method)
	at sun.reflect.NativeMethodAccessorImpl.invoke(Unknown Source)
	at sun.reflect.DelegatingMethodAccessorImpl.invoke(Unknown Source)
	at java.lang.reflect.Method.invoke(Unknown Source)
	at fitlibrary.closure.MethodClosure.invoke(MethodClosure.java:31)
	at fitlibrary.closure.CalledMethodTarget.invoke(CalledMethodTarget.java:64)
	at fitlibrary.traverse.workflow.caller.SpecialCaller.run(SpecialCaller.java:22)
	at fitlibrary.traverse.workflow.DoTraverseInterpreter.interpretRow(DoTraverseInterpreter.java:152)
	at fitlibrary.traverse.workflow.DoTraverseInterpreter.interpretAfterFirstRow(DoTraverseInterpreter.java:64)
	at fitlibrary.traverse.workflow.DoTraverseInterpreter.interpretInFlow(DoTraverseInterpreter.java:132)
	at fitlibrary.traverse.workflow.DoTraverseInterpreter.interpretWholeTable(DoTraverseInterpreter.java:101)
	at fitlibrary.traverse.workflow.DoTraverseInterpreter.interpretWholeTable(DoTraverseInterpreter.java:87)
	at fitlibrary.DoFixture.interpretWholeTable(DoFixture.java:69)
	at fitlibrary.suite.InFlowPageRunner.run(InFlowPageRunner.java:34)
	at fitlibrary.DoFixture.interpretTables(DoFixture.java:42)
	at fit.Fixture.doTables(Fixture.java:79)
	at fit.FitServer.process(FitServer.java:81)
	at fit.FitServer.run(FitServer.java:56)
	at fit.FitServer.main(FitServer.java:41)
</div></pre></td>
</tr>
<tr><td>check</td>
<td>input field</td>
<td>name=surname</td>
<td>is editable</td>
<td class="error">true<hr><pre><div class="fit_stacktrace">com.thoughtworks.selenium.SeleniumException: ERROR: Element name=surname not found
	at com.thoughtworks.selenium.HttpCommandProcessor.throwAssertionFailureExceptionOrError(HttpCommandProcessor.java:97)
	at com.thoughtworks.selenium.HttpCommandProcessor.doCommand(HttpCommandProcessor.java:91)
	at com.thoughtworks.selenium.HttpCommandProcessor.getString(HttpCommandProcessor.java:262)
	at com.thoughtworks.selenium.HttpCommandProcessor.getBoolean(HttpCommandProcessor.java:335)
	at com.thoughtworks.selenium.DefaultSelenium.isEditable(DefaultSelenium.java:511)
	at com.magneticreason.fitnium.api.FitniumInputFieldAPI.inputFieldIsEditable(FitniumInputFieldAPI.java:24)
	at com.magneticreason.fitnium.BaseFitniumFixture.inputFieldIsEditable(BaseFitniumFixture.java:1953)
	at sun.reflect.NativeMethodAccessorImpl.invoke0(Native Method)
	at sun.reflect.NativeMethodAccessorImpl.invoke(Unknown Source)
	at sun.reflect.DelegatingMethodAccessorImpl.invoke(Unknown Source)
	at java.lang.reflect.Method.invoke(Unknown Source)
	at fitlibrary.closure.MethodClosure.invoke(MethodClosure.java:31)
	at fitlibrary.closure.CalledMethodTarget.invoke(CalledMethodTarget.java:64)
	at fitlibrary.closure.CalledMethodTarget.invoke(CalledMethodTarget.java:93)
	at fitlibrary.closure.CalledMethodTarget.invokeAndCheck(CalledMethodTarget.java:118)
	at fitlibrary.traverse.workflow.DoTraverse.check(DoTraverse.java:185)
	at sun.reflect.NativeMethodAccessorImpl.invoke0(Native Method)
	at sun.reflect.NativeMethodAccessorImpl.invoke(Unknown Source)
	at sun.reflect.DelegatingMethodAccessorImpl.invoke(Unknown Source)
	at java.lang.reflect.Method.invoke(Unknown Source)
	at fitlibrary.closure.MethodClosure.invoke(MethodClosure.java:31)
	at fitlibrary.closure.CalledMethodTarget.invoke(CalledMethodTarget.java:64)
	at fitlibrary.traverse.workflow.caller.SpecialCaller.run(SpecialCaller.java:22)
	at fitlibrary.traverse.workflow.DoTraverseInterpreter.interpretRow(DoTraverseInterpreter.java:152)
	at fitlibrary.traverse.workflow.DoTraverseInterpreter.interpretAfterFirstRow(DoTraverseInterpreter.java:64)
	at fitlibrary.traverse.workflow.DoTraverseInterpreter.interpretInFlow(DoTraverseInterpreter.java:132)
	at fitlibrary.traverse.workflow.DoTraverseInterpreter.interpretWholeTable(DoTraverseInterpreter.java:101)
	at fitlibrary.traverse.workflow.DoTraverseInterpreter.interpretWholeTable(DoTraverseInterpreter.java:87)
	at fitlibrary.DoFixture.interpretWholeTable(DoFixture.java:69)
	at fitlibrary.suite.InFlowPageRunner.run(InFlowPageRunner.java:34)
	at fitlibrary.DoFixture.interpretTables(DoFixture.java:42)
	at fit.Fixture.doTables(Fixture.java:79)
	at fit.FitServer.process(FitServer.java:81)
	at fit.FitServer.run(FitServer.java:56)
	at fit.FitServer.main(FitServer.java:41)
</div></pre></td>
</tr>
</table>
<br/>The next check is unreliable unless you know the order of the items, as this call<br/>just gets a comma list of the values from selenium<br/><br/><table border="1" cellspacing="0">
<tr><td>check</td>
<td>list</td>
<td>name=country</td>
<td>options</td>
<td class="error">Wales,Scotland,Ireland,England,Other<hr><pre><div class="fit_stacktrace">com.thoughtworks.selenium.SeleniumException: ERROR: Element name=country not found
	at com.thoughtworks.selenium.HttpCommandProcessor.throwAssertionFailureExceptionOrError(HttpCommandProcessor.java:97)
	at com.thoughtworks.selenium.HttpCommandProcessor.doCommand(HttpCommandProcessor.java:91)
	at com.thoughtworks.selenium.HttpCommandProcessor.getString(HttpCommandProcessor.java:262)
	at com.thoughtworks.selenium.HttpCommandProcessor.getStringArray(HttpCommandProcessor.java:271)
	at com.thoughtworks.selenium.DefaultSelenium.getSelectOptions(DefaultSelenium.java:491)
	at com.magneticreason.fitnium.api.FitniumListAPI.listOptions(FitniumListAPI.java:429)
	at com.magneticreason.fitnium.BaseFitniumFixture.listOptions(BaseFitniumFixture.java:2518)
	at sun.reflect.NativeMethodAccessorImpl.invoke0(Native Method)
	at sun.reflect.NativeMethodAccessorImpl.invoke(Unknown Source)
	at sun.reflect.DelegatingMethodAccessorImpl.invoke(Unknown Source)
	at java.lang.reflect.Method.invoke(Unknown Source)
	at fitlibrary.closure.MethodClosure.invoke(MethodClosure.java:31)
	at fitlibrary.closure.CalledMethodTarget.invoke(CalledMethodTarget.java:64)
	at fitlibrary.closure.CalledMethodTarget.invoke(CalledMethodTarget.java:93)
	at fitlibrary.closure.CalledMethodTarget.invokeAndCheck(CalledMethodTarget.java:118)
	at fitlibrary.traverse.workflow.DoTraverse.check(DoTraverse.java:185)
	at sun.reflect.NativeMethodAccessorImpl.invoke0(Native Method)
	at sun.reflect.NativeMethodAccessorImpl.invoke(Unknown Source)
	at sun.reflect.DelegatingMethodAccessorImpl.invoke(Unknown Source)
	at java.lang.reflect.Method.invoke(Unknown Source)
	at fitlibrary.closure.MethodClosure.invoke(MethodClosure.java:31)
	at fitlibrary.closure.CalledMethodTarget.invoke(CalledMethodTarget.java:64)
	at fitlibrary.traverse.workflow.caller.SpecialCaller.run(SpecialCaller.java:22)
	at fitlibrary.traverse.workflow.DoTraverseInterpreter.interpretRow(DoTraverseInterpreter.java:152)
	at fitlibrary.traverse.workflow.DoTraverseInterpreter.interpretWholeTable(DoTraverseInterpreter.java:94)
	at fitlibrary.traverse.workflow.DoTraverseInterpreter.interpretWholeTable(DoTraverseInterpreter.java:87)
	at fitlibrary.DoFixture.interpretWholeTable(DoFixture.java:69)
	at fitlibrary.suite.InFlowPageRunner.run(InFlowPageRunner.java:34)
	at fitlibrary.DoFixture.interpretTables(DoFixture.java:42)
	at fit.Fixture.doTables(Fixture.java:79)
	at fit.FitServer.process(FitServer.java:81)
	at fit.FitServer.run(FitServer.java:56)
	at fit.FitServer.main(FitServer.java:41)
</div></pre></td>
</tr>
</table>
<br/>So its better to use the following way to check for list of values<br/><br/><table border="1" cellspacing="0">
<tr><td>check</td>
<td>does list</td>
<td>name=country</td>
<td>contain options</td>
<td>Wales,Scotland,Ireland,England,Other</td>
<td class="error">true<hr><pre><div class="fit_stacktrace">com.thoughtworks.selenium.SeleniumException: ERROR: Element name=country not found
	at com.thoughtworks.selenium.HttpCommandProcessor.throwAssertionFailureExceptionOrError(HttpCommandProcessor.java:97)
	at com.thoughtworks.selenium.HttpCommandProcessor.doCommand(HttpCommandProcessor.java:91)
	at com.thoughtworks.selenium.HttpCommandProcessor.getString(HttpCommandProcessor.java:262)
	at com.thoughtworks.selenium.HttpCommandProcessor.getStringArray(HttpCommandProcessor.java:271)
	at com.thoughtworks.selenium.DefaultSelenium.getSelectOptions(DefaultSelenium.java:491)
	at com.magneticreason.fitnium.api.FitniumListAPI.doesListContainOptions(FitniumListAPI.java:455)
	at com.magneticreason.fitnium.BaseFitniumFixture.doesListContainOptions(BaseFitniumFixture.java:2544)
	at sun.reflect.NativeMethodAccessorImpl.invoke0(Native Method)
	at sun.reflect.NativeMethodAccessorImpl.invoke(Unknown Source)
	at sun.reflect.DelegatingMethodAccessorImpl.invoke(Unknown Source)
	at java.lang.reflect.Method.invoke(Unknown Source)
	at fitlibrary.closure.MethodClosure.invoke(MethodClosure.java:31)
	at fitlibrary.closure.CalledMethodTarget.invoke(CalledMethodTarget.java:64)
	at fitlibrary.closure.CalledMethodTarget.invoke(CalledMethodTarget.java:93)
	at fitlibrary.closure.CalledMethodTarget.invokeAndCheck(CalledMethodTarget.java:118)
	at fitlibrary.traverse.workflow.DoTraverse.check(DoTraverse.java:185)
	at sun.reflect.NativeMethodAccessorImpl.invoke0(Native Method)
	at sun.reflect.NativeMethodAccessorImpl.invoke(Unknown Source)
	at sun.reflect.DelegatingMethodAccessorImpl.invoke(Unknown Source)
	at java.lang.reflect.Method.invoke(Unknown Source)
	at fitlibrary.closure.MethodClosure.invoke(MethodClosure.java:31)
	at fitlibrary.closure.CalledMethodTarget.invoke(CalledMethodTarget.java:64)
	at fitlibrary.traverse.workflow.caller.SpecialCaller.run(SpecialCaller.java:22)
	at fitlibrary.traverse.workflow.DoTraverseInterpreter.interpretRow(DoTraverseInterpreter.java:152)
	at fitlibrary.traverse.workflow.DoTraverseInterpreter.interpretWholeTable(DoTraverseInterpreter.java:94)
	at fitlibrary.traverse.workflow.DoTraverseInterpreter.interpretWholeTable(DoTraverseInterpreter.java:87)
	at fitlibrary.DoFixture.interpretWholeTable(DoFixture.java:69)
	at fitlibrary.suite.InFlowPageRunner.run(InFlowPageRunner.java:34)
	at fitlibrary.DoFixture.interpretTables(DoFixture.java:42)
	at fit.Fixture.doTables(Fixture.java:79)
	at fit.FitServer.process(FitServer.java:81)
	at fit.FitServer.run(FitServer.java:56)
	at fit.FitServer.main(FitServer.java:41)
</div></pre></td>
</tr>
</table>
<br/>Enter data into the appropriate fields<br/><br/><table border="1" cellspacing="0">
<tr><td class="error">select option<hr><pre><div class="fit_stacktrace">com.thoughtworks.selenium.SeleniumException: ERROR: Element name=title not found
	at com.thoughtworks.selenium.HttpCommandProcessor.throwAssertionFailureExceptionOrError(HttpCommandProcessor.java:97)
	at com.thoughtworks.selenium.HttpCommandProcessor.doCommand(HttpCommandProcessor.java:91)
	at com.thoughtworks.selenium.DefaultSelenium.select(DefaultSelenium.java:315)
	at com.magneticreason.fitnium.api.FitniumListAPI.selectOptionInList(FitniumListAPI.java:23)
	at com.magneticreason.fitnium.BaseFitniumFixture.selectOptionInList(BaseFitniumFixture.java:2156)
	at sun.reflect.NativeMethodAccessorImpl.invoke0(Native Method)
	at sun.reflect.NativeMethodAccessorImpl.invoke(Unknown Source)
	at sun.reflect.DelegatingMethodAccessorImpl.invoke(Unknown Source)
	at java.lang.reflect.Method.invoke(Unknown Source)
	at fitlibrary.closure.MethodClosure.invoke(MethodClosure.java:31)
	at fitlibrary.closure.MethodClosure.invokeTyped(MethodClosure.java:24)
	at fitlibrary.closure.CalledMethodTarget.invokeTyped(CalledMethodTarget.java:67)
	at fitlibrary.closure.CalledMethodTarget.invokeTyped(CalledMethodTarget.java:82)
	at fitlibrary.closure.CalledMethodTarget.invokeAndWrap(CalledMethodTarget.java:242)
	at fitlibrary.traverse.workflow.caller.ActionCaller.run(ActionCaller.java:25)
	at fitlibrary.traverse.workflow.DoTraverseInterpreter.interpretRow(DoTraverseInterpreter.java:152)
	at fitlibrary.traverse.workflow.DoTraverseInterpreter.interpretWholeTable(DoTraverseInterpreter.java:94)
	at fitlibrary.traverse.workflow.DoTraverseInterpreter.interpretWholeTable(DoTraverseInterpreter.java:87)
	at fitlibrary.DoFixture.interpretWholeTable(DoFixture.java:69)
	at fitlibrary.suite.InFlowPageRunner.run(InFlowPageRunner.java:34)
	at fitlibrary.DoFixture.interpretTables(DoFixture.java:42)
	at fit.Fixture.doTables(Fixture.java:79)
	at fit.FitServer.process(FitServer.java:81)
	at fit.FitServer.run(FitServer.java:56)
	at fit.FitServer.main(FitServer.java:41)
</div></pre></td>
<td>Mr</td>
<td>in list</td>
<td>name=title</td>
</tr>
</table>
<br/><table border="1" cellspacing="0">
<tr><td class="error">enter<hr><pre><div class="fit_stacktrace">com.thoughtworks.selenium.SeleniumException: ERROR: Element name=firstname not found
	at com.thoughtworks.selenium.HttpCommandProcessor.throwAssertionFailureExceptionOrError(HttpCommandProcessor.java:97)
	at com.thoughtworks.selenium.HttpCommandProcessor.doCommand(HttpCommandProcessor.java:91)
	at com.thoughtworks.selenium.DefaultSelenium.type(DefaultSelenium.java:291)
	at com.magneticreason.fitnium.api.FitniumInputFieldAPI.enterInInputField(FitniumInputFieldAPI.java:48)
	at com.magneticreason.fitnium.BaseFitniumFixture.enterInInputField(BaseFitniumFixture.java:1977)
	at sun.reflect.NativeMethodAccessorImpl.invoke0(Native Method)
	at sun.reflect.NativeMethodAccessorImpl.invoke(Unknown Source)
	at sun.reflect.DelegatingMethodAccessorImpl.invoke(Unknown Source)
	at java.lang.reflect.Method.invoke(Unknown Source)
	at fitlibrary.closure.MethodClosure.invoke(MethodClosure.java:31)
	at fitlibrary.closure.MethodClosure.invokeTyped(MethodClosure.java:24)
	at fitlibrary.closure.CalledMethodTarget.invokeTyped(CalledMethodTarget.java:67)
	at fitlibrary.closure.CalledMethodTarget.invokeTyped(CalledMethodTarget.java:82)
	at fitlibrary.closure.CalledMethodTarget.invokeAndWrap(CalledMethodTarget.java:242)
	at fitlibrary.traverse.workflow.caller.ActionCaller.run(ActionCaller.java:25)
	at fitlibrary.traverse.workflow.DoTraverseInterpreter.interpretRow(DoTraverseInterpreter.java:152)
	at fitlibrary.traverse.workflow.DoTraverseInterpreter.interpretWholeTable(DoTraverseInterpreter.java:94)
	at fitlibrary.traverse.workflow.DoTraverseInterpreter.interpretWholeTable(DoTraverseInterpreter.java:87)
	at fitlibrary.DoFixture.interpretWholeTable(DoFixture.java:69)
	at fitlibrary.suite.InFlowPageRunner.run(InFlowPageRunner.java:34)
	at fitlibrary.DoFixture.interpretTables(DoFixture.java:42)
	at fit.Fixture.doTables(Fixture.java:79)
	at fit.FitServer.process(FitServer.java:81)
	at fit.FitServer.run(FitServer.java:56)
	at fit.FitServer.main(FitServer.java:41)
</div></pre></td>
<td>Keith</td>
<td>in input field</td>
<td>name=firstname</td>
</tr>
<tr><td class="error">enter<hr><pre><div class="fit_stacktrace">com.thoughtworks.selenium.SeleniumException: ERROR: Element name=midname not found
	at com.thoughtworks.selenium.HttpCommandProcessor.throwAssertionFailureExceptionOrError(HttpCommandProcessor.java:97)
	at com.thoughtworks.selenium.HttpCommandProcessor.doCommand(HttpCommandProcessor.java:91)
	at com.thoughtworks.selenium.DefaultSelenium.type(DefaultSelenium.java:291)
	at com.magneticreason.fitnium.api.FitniumInputFieldAPI.enterInInputField(FitniumInputFieldAPI.java:48)
	at com.magneticreason.fitnium.BaseFitniumFixture.enterInInputField(BaseFitniumFixture.java:1977)
	at sun.reflect.NativeMethodAccessorImpl.invoke0(Native Method)
	at sun.reflect.NativeMethodAccessorImpl.invoke(Unknown Source)
	at sun.reflect.DelegatingMethodAccessorImpl.invoke(Unknown Source)
	at java.lang.reflect.Method.invoke(Unknown Source)
	at fitlibrary.closure.MethodClosure.invoke(MethodClosure.java:31)
	at fitlibrary.closure.MethodClosure.invokeTyped(MethodClosure.java:24)
	at fitlibrary.closure.CalledMethodTarget.invokeTyped(CalledMethodTarget.java:67)
	at fitlibrary.closure.CalledMethodTarget.invokeTyped(CalledMethodTarget.java:82)
	at fitlibrary.closure.CalledMethodTarget.invokeAndWrap(CalledMethodTarget.java:242)
	at fitlibrary.traverse.workflow.caller.ActionCaller.run(ActionCaller.java:25)
	at fitlibrary.traverse.workflow.DoTraverseInterpreter.interpretRow(DoTraverseInterpreter.java:152)
	at fitlibrary.traverse.workflow.DoTraverseInterpreter.interpretAfterFirstRow(DoTraverseInterpreter.java:64)
	at fitlibrary.traverse.workflow.DoTraverseInterpreter.interpretInFlow(DoTraverseInterpreter.java:132)
	at fitlibrary.traverse.workflow.DoTraverseInterpreter.interpretWholeTable(DoTraverseInterpreter.java:101)
	at fitlibrary.traverse.workflow.DoTraverseInterpreter.interpretWholeTable(DoTraverseInterpreter.java:87)
	at fitlibrary.DoFixture.interpretWholeTable(DoFixture.java:69)
	at fitlibrary.suite.InFlowPageRunner.run(InFlowPageRunner.java:34)
	at fitlibrary.DoFixture.interpretTables(DoFixture.java:42)
	at fit.Fixture.doTables(Fixture.java:79)
	at fit.FitServer.process(FitServer.java:81)
	at fit.FitServer.run(FitServer.java:56)
	at fit.FitServer.main(FitServer.java:41)
</div></pre></td>
<td>Eugene</td>
<td>in input field</td>
<td>name=midname</td>
</tr>
<tr><td class="error">enter<hr><pre><div class="fit_stacktrace">com.thoughtworks.selenium.SeleniumException: ERROR: Element name=surname not found
	at com.thoughtworks.selenium.HttpCommandProcessor.throwAssertionFailureExceptionOrError(HttpCommandProcessor.java:97)
	at com.thoughtworks.selenium.HttpCommandProcessor.doCommand(HttpCommandProcessor.java:91)
	at com.thoughtworks.selenium.DefaultSelenium.type(DefaultSelenium.java:291)
	at com.magneticreason.fitnium.api.FitniumInputFieldAPI.enterInInputField(FitniumInputFieldAPI.java:48)
	at com.magneticreason.fitnium.BaseFitniumFixture.enterInInputField(BaseFitniumFixture.java:1977)
	at sun.reflect.NativeMethodAccessorImpl.invoke0(Native Method)
	at sun.reflect.NativeMethodAccessorImpl.invoke(Unknown Source)
	at sun.reflect.DelegatingMethodAccessorImpl.invoke(Unknown Source)
	at java.lang.reflect.Method.invoke(Unknown Source)
	at fitlibrary.closure.MethodClosure.invoke(MethodClosure.java:31)
	at fitlibrary.closure.MethodClosure.invokeTyped(MethodClosure.java:24)
	at fitlibrary.closure.CalledMethodTarget.invokeTyped(CalledMethodTarget.java:67)
	at fitlibrary.closure.CalledMethodTarget.invokeTyped(CalledMethodTarget.java:82)
	at fitlibrary.closure.CalledMethodTarget.invokeAndWrap(CalledMethodTarget.java:242)
	at fitlibrary.traverse.workflow.caller.ActionCaller.run(ActionCaller.java:25)
	at fitlibrary.traverse.workflow.DoTraverseInterpreter.interpretRow(DoTraverseInterpreter.java:152)
	at fitlibrary.traverse.workflow.DoTraverseInterpreter.interpretAfterFirstRow(DoTraverseInterpreter.java:64)
	at fitlibrary.traverse.workflow.DoTraverseInterpreter.interpretInFlow(DoTraverseInterpreter.java:132)
	at fitlibrary.traverse.workflow.DoTraverseInterpreter.interpretWholeTable(DoTraverseInterpreter.java:101)
	at fitlibrary.traverse.workflow.DoTraverseInterpreter.interpretWholeTable(DoTraverseInterpreter.java:87)
	at fitlibrary.DoFixture.interpretWholeTable(DoFixture.java:69)
	at fitlibrary.suite.InFlowPageRunner.run(InFlowPageRunner.java:34)
	at fitlibrary.DoFixture.interpretTables(DoFixture.java:42)
	at fit.Fixture.doTables(Fixture.java:79)
	at fit.FitServer.process(FitServer.java:81)
	at fit.FitServer.run(FitServer.java:56)
	at fit.FitServer.main(FitServer.java:41)
</div></pre></td>
<td>Sterling</td>
<td>in input field</td>
<td>name=surname</td>
</tr>
<tr><td class="error">enter<hr><pre><div class="fit_stacktrace">com.thoughtworks.selenium.SeleniumException: ERROR: Element name=address1 not found
	at com.thoughtworks.selenium.HttpCommandProcessor.throwAssertionFailureExceptionOrError(HttpCommandProcessor.java:97)
	at com.thoughtworks.selenium.HttpCommandProcessor.doCommand(HttpCommandProcessor.java:91)
	at com.thoughtworks.selenium.DefaultSelenium.type(DefaultSelenium.java:291)
	at com.magneticreason.fitnium.api.FitniumInputFieldAPI.enterInInputField(FitniumInputFieldAPI.java:48)
	at com.magneticreason.fitnium.BaseFitniumFixture.enterInInputField(BaseFitniumFixture.java:1977)
	at sun.reflect.NativeMethodAccessorImpl.invoke0(Native Method)
	at sun.reflect.NativeMethodAccessorImpl.invoke(Unknown Source)
	at sun.reflect.DelegatingMethodAccessorImpl.invoke(Unknown Source)
	at java.lang.reflect.Method.invoke(Unknown Source)
	at fitlibrary.closure.MethodClosure.invoke(MethodClosure.java:31)
	at fitlibrary.closure.MethodClosure.invokeTyped(MethodClosure.java:24)
	at fitlibrary.closure.CalledMethodTarget.invokeTyped(CalledMethodTarget.java:67)
	at fitlibrary.closure.CalledMethodTarget.invokeTyped(CalledMethodTarget.java:82)
	at fitlibrary.closure.CalledMethodTarget.invokeAndWrap(CalledMethodTarget.java:242)
	at fitlibrary.traverse.workflow.caller.ActionCaller.run(ActionCaller.java:25)
	at fitlibrary.traverse.workflow.DoTraverseInterpreter.interpretRow(DoTraverseInterpreter.java:152)
	at fitlibrary.traverse.workflow.DoTraverseInterpreter.interpretAfterFirstRow(DoTraverseInterpreter.java:64)
	at fitlibrary.traverse.workflow.DoTraverseInterpreter.interpretInFlow(DoTraverseInterpreter.java:132)
	at fitlibrary.traverse.workflow.DoTraverseInterpreter.interpretWholeTable(DoTraverseInterpreter.java:101)
	at fitlibrary.traverse.workflow.DoTraverseInterpreter.interpretWholeTable(DoTraverseInterpreter.java:87)
	at fitlibrary.DoFixture.interpretWholeTable(DoFixture.java:69)
	at fitlibrary.suite.InFlowPageRunner.run(InFlowPageRunner.java:34)
	at fitlibrary.DoFixture.interpretTables(DoFixture.java:42)
	at fit.Fixture.doTables(Fixture.java:79)
	at fit.FitServer.process(FitServer.java:81)
	at fit.FitServer.run(FitServer.java:56)
	at fit.FitServer.main(FitServer.java:41)
</div></pre></td>
<td>10 Lidgett Lane</td>
<td>in input field</td>
<td>name=address1</td>
</tr>
<tr><td class="error">enter<hr><pre><div class="fit_stacktrace">com.thoughtworks.selenium.SeleniumException: ERROR: Element name=address2 not found
	at com.thoughtworks.selenium.HttpCommandProcessor.throwAssertionFailureExceptionOrError(HttpCommandProcessor.java:97)
	at com.thoughtworks.selenium.HttpCommandProcessor.doCommand(HttpCommandProcessor.java:91)
	at com.thoughtworks.selenium.DefaultSelenium.type(DefaultSelenium.java:291)
	at com.magneticreason.fitnium.api.FitniumInputFieldAPI.enterInInputField(FitniumInputFieldAPI.java:48)
	at com.magneticreason.fitnium.BaseFitniumFixture.enterInInputField(BaseFitniumFixture.java:1977)
	at sun.reflect.NativeMethodAccessorImpl.invoke0(Native Method)
	at sun.reflect.NativeMethodAccessorImpl.invoke(Unknown Source)
	at sun.reflect.DelegatingMethodAccessorImpl.invoke(Unknown Source)
	at java.lang.reflect.Method.invoke(Unknown Source)
	at fitlibrary.closure.MethodClosure.invoke(MethodClosure.java:31)
	at fitlibrary.closure.MethodClosure.invokeTyped(MethodClosure.java:24)
	at fitlibrary.closure.CalledMethodTarget.invokeTyped(CalledMethodTarget.java:67)
	at fitlibrary.closure.CalledMethodTarget.invokeTyped(CalledMethodTarget.java:82)
	at fitlibrary.closure.CalledMethodTarget.invokeAndWrap(CalledMethodTarget.java:242)
	at fitlibrary.traverse.workflow.caller.ActionCaller.run(ActionCaller.java:25)
	at fitlibrary.traverse.workflow.DoTraverseInterpreter.interpretRow(DoTraverseInterpreter.java:152)
	at fitlibrary.traverse.workflow.DoTraverseInterpreter.interpretAfterFirstRow(DoTraverseInterpreter.java:64)
	at fitlibrary.traverse.workflow.DoTraverseInterpreter.interpretInFlow(DoTraverseInterpreter.java:132)
	at fitlibrary.traverse.workflow.DoTraverseInterpreter.interpretWholeTable(DoTraverseInterpreter.java:101)
	at fitlibrary.traverse.workflow.DoTraverseInterpreter.interpretWholeTable(DoTraverseInterpreter.java:87)
	at fitlibrary.DoFixture.interpretWholeTable(DoFixture.java:69)
	at fitlibrary.suite.InFlowPageRunner.run(InFlowPageRunner.java:34)
	at fitlibrary.DoFixture.interpretTables(DoFixture.java:42)
	at fit.Fixture.doTables(Fixture.java:79)
	at fit.FitServer.process(FitServer.java:81)
	at fit.FitServer.run(FitServer.java:56)
	at fit.FitServer.main(FitServer.java:41)
</div></pre></td>
<td>Skelmanthorpe</td>
<td>in input field</td>
<td>name=address2</td>
</tr>
<tr><td class="error">enter<hr><pre><div class="fit_stacktrace">com.thoughtworks.selenium.SeleniumException: ERROR: Element name=city not found
	at com.thoughtworks.selenium.HttpCommandProcessor.throwAssertionFailureExceptionOrError(HttpCommandProcessor.java:97)
	at com.thoughtworks.selenium.HttpCommandProcessor.doCommand(HttpCommandProcessor.java:91)
	at com.thoughtworks.selenium.DefaultSelenium.type(DefaultSelenium.java:291)
	at com.magneticreason.fitnium.api.FitniumInputFieldAPI.enterInInputField(FitniumInputFieldAPI.java:48)
	at com.magneticreason.fitnium.BaseFitniumFixture.enterInInputField(BaseFitniumFixture.java:1977)
	at sun.reflect.NativeMethodAccessorImpl.invoke0(Native Method)
	at sun.reflect.NativeMethodAccessorImpl.invoke(Unknown Source)
	at sun.reflect.DelegatingMethodAccessorImpl.invoke(Unknown Source)
	at java.lang.reflect.Method.invoke(Unknown Source)
	at fitlibrary.closure.MethodClosure.invoke(MethodClosure.java:31)
	at fitlibrary.closure.MethodClosure.invokeTyped(MethodClosure.java:24)
	at fitlibrary.closure.CalledMethodTarget.invokeTyped(CalledMethodTarget.java:67)
	at fitlibrary.closure.CalledMethodTarget.invokeTyped(CalledMethodTarget.java:82)
	at fitlibrary.closure.CalledMethodTarget.invokeAndWrap(CalledMethodTarget.java:242)
	at fitlibrary.traverse.workflow.caller.ActionCaller.run(ActionCaller.java:25)
	at fitlibrary.traverse.workflow.DoTraverseInterpreter.interpretRow(DoTraverseInterpreter.java:152)
	at fitlibrary.traverse.workflow.DoTraverseInterpreter.interpretAfterFirstRow(DoTraverseInterpreter.java:64)
	at fitlibrary.traverse.workflow.DoTraverseInterpreter.interpretInFlow(DoTraverseInterpreter.java:132)
	at fitlibrary.traverse.workflow.DoTraverseInterpreter.interpretWholeTable(DoTraverseInterpreter.java:101)
	at fitlibrary.traverse.workflow.DoTraverseInterpreter.interpretWholeTable(DoTraverseInterpreter.java:87)
	at fitlibrary.DoFixture.interpretWholeTable(DoFixture.java:69)
	at fitlibrary.suite.InFlowPageRunner.run(InFlowPageRunner.java:34)
	at fitlibrary.DoFixture.interpretTables(DoFixture.java:42)
	at fit.Fixture.doTables(Fixture.java:79)
	at fit.FitServer.process(FitServer.java:81)
	at fit.FitServer.run(FitServer.java:56)
	at fit.FitServer.main(FitServer.java:41)
</div></pre></td>
<td>Huddersfield</td>
<td>in input field</td>
<td>name=city</td>
</tr>
<tr><td class="error">enter<hr><pre><div class="fit_stacktrace">com.thoughtworks.selenium.SeleniumException: ERROR: Element name=county not found
	at com.thoughtworks.selenium.HttpCommandProcessor.throwAssertionFailureExceptionOrError(HttpCommandProcessor.java:97)
	at com.thoughtworks.selenium.HttpCommandProcessor.doCommand(HttpCommandProcessor.java:91)
	at com.thoughtworks.selenium.DefaultSelenium.type(DefaultSelenium.java:291)
	at com.magneticreason.fitnium.api.FitniumInputFieldAPI.enterInInputField(FitniumInputFieldAPI.java:48)
	at com.magneticreason.fitnium.BaseFitniumFixture.enterInInputField(BaseFitniumFixture.java:1977)
	at sun.reflect.NativeMethodAccessorImpl.invoke0(Native Method)
	at sun.reflect.NativeMethodAccessorImpl.invoke(Unknown Source)
	at sun.reflect.DelegatingMethodAccessorImpl.invoke(Unknown Source)
	at java.lang.reflect.Method.invoke(Unknown Source)
	at fitlibrary.closure.MethodClosure.invoke(MethodClosure.java:31)
	at fitlibrary.closure.MethodClosure.invokeTyped(MethodClosure.java:24)
	at fitlibrary.closure.CalledMethodTarget.invokeTyped(CalledMethodTarget.java:67)
	at fitlibrary.closure.CalledMethodTarget.invokeTyped(CalledMethodTarget.java:82)
	at fitlibrary.closure.CalledMethodTarget.invokeAndWrap(CalledMethodTarget.java:242)
	at fitlibrary.traverse.workflow.caller.ActionCaller.run(ActionCaller.java:25)
	at fitlibrary.traverse.workflow.DoTraverseInterpreter.interpretRow(DoTraverseInterpreter.java:152)
	at fitlibrary.traverse.workflow.DoTraverseInterpreter.interpretAfterFirstRow(DoTraverseInterpreter.java:64)
	at fitlibrary.traverse.workflow.DoTraverseInterpreter.interpretInFlow(DoTraverseInterpreter.java:132)
	at fitlibrary.traverse.workflow.DoTraverseInterpreter.interpretWholeTable(DoTraverseInterpreter.java:101)
	at fitlibrary.traverse.workflow.DoTraverseInterpreter.interpretWholeTable(DoTraverseInterpreter.java:87)
	at fitlibrary.DoFixture.interpretWholeTable(DoFixture.java:69)
	at fitlibrary.suite.InFlowPageRunner.run(InFlowPageRunner.java:34)
	at fitlibrary.DoFixture.interpretTables(DoFixture.java:42)
	at fit.Fixture.doTables(Fixture.java:79)
	at fit.FitServer.process(FitServer.java:81)
	at fit.FitServer.run(FitServer.java:56)
	at fit.FitServer.main(FitServer.java:41)
</div></pre></td>
<td>West Yorks</td>
<td>in input field</td>
<td>name=county</td>
</tr>
<tr><td class="error">enter<hr><pre><div class="fit_stacktrace">com.thoughtworks.selenium.SeleniumException: ERROR: Element name=postcode not found
	at com.thoughtworks.selenium.HttpCommandProcessor.throwAssertionFailureExceptionOrError(HttpCommandProcessor.java:97)
	at com.thoughtworks.selenium.HttpCommandProcessor.doCommand(HttpCommandProcessor.java:91)
	at com.thoughtworks.selenium.DefaultSelenium.type(DefaultSelenium.java:291)
	at com.magneticreason.fitnium.api.FitniumInputFieldAPI.enterInInputField(FitniumInputFieldAPI.java:48)
	at com.magneticreason.fitnium.BaseFitniumFixture.enterInInputField(BaseFitniumFixture.java:1977)
	at sun.reflect.NativeMethodAccessorImpl.invoke0(Native Method)
	at sun.reflect.NativeMethodAccessorImpl.invoke(Unknown Source)
	at sun.reflect.DelegatingMethodAccessorImpl.invoke(Unknown Source)
	at java.lang.reflect.Method.invoke(Unknown Source)
	at fitlibrary.closure.MethodClosure.invoke(MethodClosure.java:31)
	at fitlibrary.closure.MethodClosure.invokeTyped(MethodClosure.java:24)
	at fitlibrary.closure.CalledMethodTarget.invokeTyped(CalledMethodTarget.java:67)
	at fitlibrary.closure.CalledMethodTarget.invokeTyped(CalledMethodTarget.java:82)
	at fitlibrary.closure.CalledMethodTarget.invokeAndWrap(CalledMethodTarget.java:242)
	at fitlibrary.traverse.workflow.caller.ActionCaller.run(ActionCaller.java:25)
	at fitlibrary.traverse.workflow.DoTraverseInterpreter.interpretRow(DoTraverseInterpreter.java:152)
	at fitlibrary.traverse.workflow.DoTraverseInterpreter.interpretAfterFirstRow(DoTraverseInterpreter.java:64)
	at fitlibrary.traverse.workflow.DoTraverseInterpreter.interpretInFlow(DoTraverseInterpreter.java:132)
	at fitlibrary.traverse.workflow.DoTraverseInterpreter.interpretWholeTable(DoTraverseInterpreter.java:101)
	at fitlibrary.traverse.workflow.DoTraverseInterpreter.interpretWholeTable(DoTraverseInterpreter.java:87)
	at fitlibrary.DoFixture.interpretWholeTable(DoFixture.java:69)
	at fitlibrary.suite.InFlowPageRunner.run(InFlowPageRunner.java:34)
	at fitlibrary.DoFixture.interpretTables(DoFixture.java:42)
	at fit.Fixture.doTables(Fixture.java:79)
	at fit.FitServer.process(FitServer.java:81)
	at fit.FitServer.run(FitServer.java:56)
	at fit.FitServer.main(FitServer.java:41)
</div></pre></td>
<td>HD8 9AQ</td>
<td>in input field</td>
<td>name=postcode</td>
</tr>
</table>
<br/><table border="1" cellspacing="0">
<tr><td class="error">select option<hr><pre><div class="fit_stacktrace">com.thoughtworks.selenium.SeleniumException: ERROR: Element name=country not found
	at com.thoughtworks.selenium.HttpCommandProcessor.throwAssertionFailureExceptionOrError(HttpCommandProcessor.java:97)
	at com.thoughtworks.selenium.HttpCommandProcessor.doCommand(HttpCommandProcessor.java:91)
	at com.thoughtworks.selenium.DefaultSelenium.select(DefaultSelenium.java:315)
	at com.magneticreason.fitnium.api.FitniumListAPI.selectOptionInList(FitniumListAPI.java:23)
	at com.magneticreason.fitnium.BaseFitniumFixture.selectOptionInList(BaseFitniumFixture.java:2156)
	at sun.reflect.NativeMethodAccessorImpl.invoke0(Native Method)
	at sun.reflect.NativeMethodAccessorImpl.invoke(Unknown Source)
	at sun.reflect.DelegatingMethodAccessorImpl.invoke(Unknown Source)
	at java.lang.reflect.Method.invoke(Unknown Source)
	at fitlibrary.closure.MethodClosure.invoke(MethodClosure.java:31)
	at fitlibrary.closure.MethodClosure.invokeTyped(MethodClosure.java:24)
	at fitlibrary.closure.CalledMethodTarget.invokeTyped(CalledMethodTarget.java:67)
	at fitlibrary.closure.CalledMethodTarget.invokeTyped(CalledMethodTarget.java:82)
	at fitlibrary.closure.CalledMethodTarget.invokeAndWrap(CalledMethodTarget.java:242)
	at fitlibrary.traverse.workflow.caller.ActionCaller.run(ActionCaller.java:25)
	at fitlibrary.traverse.workflow.DoTraverseInterpreter.interpretRow(DoTraverseInterpreter.java:152)
	at fitlibrary.traverse.workflow.DoTraverseInterpreter.interpretWholeTable(DoTraverseInterpreter.java:94)
	at fitlibrary.traverse.workflow.DoTraverseInterpreter.interpretWholeTable(DoTraverseInterpreter.java:87)
	at fitlibrary.DoFixture.interpretWholeTable(DoFixture.java:69)
	at fitlibrary.suite.InFlowPageRunner.run(InFlowPageRunner.java:34)
	at fitlibrary.DoFixture.interpretTables(DoFixture.java:42)
	at fit.Fixture.doTables(Fixture.java:79)
	at fit.FitServer.process(FitServer.java:81)
	at fit.FitServer.run(FitServer.java:56)
	at fit.FitServer.main(FitServer.java:41)
</div></pre></td>
<td>Ireland</td>
<td>in list</td>
<td>name=country</td>
</tr>
</table>
<br/><table border="1" cellspacing="0">
<tr><td class="error">enter<hr><pre><div class="fit_stacktrace">com.thoughtworks.selenium.SeleniumException: ERROR: Element name=telephone not found
	at com.thoughtworks.selenium.HttpCommandProcessor.throwAssertionFailureExceptionOrError(HttpCommandProcessor.java:97)
	at com.thoughtworks.selenium.HttpCommandProcessor.doCommand(HttpCommandProcessor.java:91)
	at com.thoughtworks.selenium.DefaultSelenium.type(DefaultSelenium.java:291)
	at com.magneticreason.fitnium.api.FitniumInputFieldAPI.enterInInputField(FitniumInputFieldAPI.java:48)
	at com.magneticreason.fitnium.BaseFitniumFixture.enterInInputField(BaseFitniumFixture.java:1977)
	at sun.reflect.NativeMethodAccessorImpl.invoke0(Native Method)
	at sun.reflect.NativeMethodAccessorImpl.invoke(Unknown Source)
	at sun.reflect.DelegatingMethodAccessorImpl.invoke(Unknown Source)
	at java.lang.reflect.Method.invoke(Unknown Source)
	at fitlibrary.closure.MethodClosure.invoke(MethodClosure.java:31)
	at fitlibrary.closure.MethodClosure.invokeTyped(MethodClosure.java:24)
	at fitlibrary.closure.CalledMethodTarget.invokeTyped(CalledMethodTarget.java:67)
	at fitlibrary.closure.CalledMethodTarget.invokeTyped(CalledMethodTarget.java:82)
	at fitlibrary.closure.CalledMethodTarget.invokeAndWrap(CalledMethodTarget.java:242)
	at fitlibrary.traverse.workflow.caller.ActionCaller.run(ActionCaller.java:25)
	at fitlibrary.traverse.workflow.DoTraverseInterpreter.interpretRow(DoTraverseInterpreter.java:152)
	at fitlibrary.traverse.workflow.DoTraverseInterpreter.interpretWholeTable(DoTraverseInterpreter.java:94)
	at fitlibrary.traverse.workflow.DoTraverseInterpreter.interpretWholeTable(DoTraverseInterpreter.java:87)
	at fitlibrary.DoFixture.interpretWholeTable(DoFixture.java:69)
	at fitlibrary.suite.InFlowPageRunner.run(InFlowPageRunner.java:34)
	at fitlibrary.DoFixture.interpretTables(DoFixture.java:42)
	at fit.Fixture.doTables(Fixture.java:79)
	at fit.FitServer.process(FitServer.java:81)
	at fit.FitServer.run(FitServer.java:56)
	at fit.FitServer.main(FitServer.java:41)
</div></pre></td>
<td>01484 866 033</td>
<td>in input field</td>
<td>name=telephone</td>
</tr>
<tr><td class="error">enter<hr><pre><div class="fit_stacktrace">com.thoughtworks.selenium.SeleniumException: ERROR: Element name=mobile not found
	at com.thoughtworks.selenium.HttpCommandProcessor.throwAssertionFailureExceptionOrError(HttpCommandProcessor.java:97)
	at com.thoughtworks.selenium.HttpCommandProcessor.doCommand(HttpCommandProcessor.java:91)
	at com.thoughtworks.selenium.DefaultSelenium.type(DefaultSelenium.java:291)
	at com.magneticreason.fitnium.api.FitniumInputFieldAPI.enterInInputField(FitniumInputFieldAPI.java:48)
	at com.magneticreason.fitnium.BaseFitniumFixture.enterInInputField(BaseFitniumFixture.java:1977)
	at sun.reflect.NativeMethodAccessorImpl.invoke0(Native Method)
	at sun.reflect.NativeMethodAccessorImpl.invoke(Unknown Source)
	at sun.reflect.DelegatingMethodAccessorImpl.invoke(Unknown Source)
	at java.lang.reflect.Method.invoke(Unknown Source)
	at fitlibrary.closure.MethodClosure.invoke(MethodClosure.java:31)
	at fitlibrary.closure.MethodClosure.invokeTyped(MethodClosure.java:24)
	at fitlibrary.closure.CalledMethodTarget.invokeTyped(CalledMethodTarget.java:67)
	at fitlibrary.closure.CalledMethodTarget.invokeTyped(CalledMethodTarget.java:82)
	at fitlibrary.closure.CalledMethodTarget.invokeAndWrap(CalledMethodTarget.java:242)
	at fitlibrary.traverse.workflow.caller.ActionCaller.run(ActionCaller.java:25)
	at fitlibrary.traverse.workflow.DoTraverseInterpreter.interpretRow(DoTraverseInterpreter.java:152)
	at fitlibrary.traverse.workflow.DoTraverseInterpreter.interpretAfterFirstRow(DoTraverseInterpreter.java:64)
	at fitlibrary.traverse.workflow.DoTraverseInterpreter.interpretInFlow(DoTraverseInterpreter.java:132)
	at fitlibrary.traverse.workflow.DoTraverseInterpreter.interpretWholeTable(DoTraverseInterpreter.java:101)
	at fitlibrary.traverse.workflow.DoTraverseInterpreter.interpretWholeTable(DoTraverseInterpreter.java:87)
	at fitlibrary.DoFixture.interpretWholeTable(DoFixture.java:69)
	at fitlibrary.suite.InFlowPageRunner.run(InFlowPageRunner.java:34)
	at fitlibrary.DoFixture.interpretTables(DoFixture.java:42)
	at fit.Fixture.doTables(Fixture.java:79)
	at fit.FitServer.process(FitServer.java:81)
	at fit.FitServer.run(FitServer.java:56)
	at fit.FitServer.main(FitServer.java:41)
</div></pre></td>
<td>+44 7771 597 630</td>
<td>in input field</td>
<td>name=mobile</td>
</tr>
<tr><td class="error">enter<hr><pre><div class="fit_stacktrace">com.thoughtworks.selenium.SeleniumException: ERROR: Element name=fax not found
	at com.thoughtworks.selenium.HttpCommandProcessor.throwAssertionFailureExceptionOrError(HttpCommandProcessor.java:97)
	at com.thoughtworks.selenium.HttpCommandProcessor.doCommand(HttpCommandProcessor.java:91)
	at com.thoughtworks.selenium.DefaultSelenium.type(DefaultSelenium.java:291)
	at com.magneticreason.fitnium.api.FitniumInputFieldAPI.enterInInputField(FitniumInputFieldAPI.java:48)
	at com.magneticreason.fitnium.BaseFitniumFixture.enterInInputField(BaseFitniumFixture.java:1977)
	at sun.reflect.NativeMethodAccessorImpl.invoke0(Native Method)
	at sun.reflect.NativeMethodAccessorImpl.invoke(Unknown Source)
	at sun.reflect.DelegatingMethodAccessorImpl.invoke(Unknown Source)
	at java.lang.reflect.Method.invoke(Unknown Source)
	at fitlibrary.closure.MethodClosure.invoke(MethodClosure.java:31)
	at fitlibrary.closure.MethodClosure.invokeTyped(MethodClosure.java:24)
	at fitlibrary.closure.CalledMethodTarget.invokeTyped(CalledMethodTarget.java:67)
	at fitlibrary.closure.CalledMethodTarget.invokeTyped(CalledMethodTarget.java:82)
	at fitlibrary.closure.CalledMethodTarget.invokeAndWrap(CalledMethodTarget.java:242)
	at fitlibrary.traverse.workflow.caller.ActionCaller.run(ActionCaller.java:25)
	at fitlibrary.traverse.workflow.DoTraverseInterpreter.interpretRow(DoTraverseInterpreter.java:152)
	at fitlibrary.traverse.workflow.DoTraverseInterpreter.interpretAfterFirstRow(DoTraverseInterpreter.java:64)
	at fitlibrary.traverse.workflow.DoTraverseInterpreter.interpretInFlow(DoTraverseInterpreter.java:132)
	at fitlibrary.traverse.workflow.DoTraverseInterpreter.interpretWholeTable(DoTraverseInterpreter.java:101)
	at fitlibrary.traverse.workflow.DoTraverseInterpreter.interpretWholeTable(DoTraverseInterpreter.java:87)
	at fitlibrary.DoFixture.interpretWholeTable(DoFixture.java:69)
	at fitlibrary.suite.InFlowPageRunner.run(InFlowPageRunner.java:34)
	at fitlibrary.DoFixture.interpretTables(DoFixture.java:42)
	at fit.Fixture.doTables(Fixture.java:79)
	at fit.FitServer.process(FitServer.java:81)
	at fit.FitServer.run(FitServer.java:56)
	at fit.FitServer.main(FitServer.java:41)
</div></pre></td>
<td>+44 1484 866 033</td>
<td>in input field</td>
<td>name=fax</td>
</tr>
</table>
<br/><table border="1" cellspacing="0">
<tr><td class="error">enter<hr><pre><div class="fit_stacktrace">com.thoughtworks.selenium.SeleniumException: ERROR: Element name=email not found
	at com.thoughtworks.selenium.HttpCommandProcessor.throwAssertionFailureExceptionOrError(HttpCommandProcessor.java:97)
	at com.thoughtworks.selenium.HttpCommandProcessor.doCommand(HttpCommandProcessor.java:91)
	at com.thoughtworks.selenium.DefaultSelenium.type(DefaultSelenium.java:291)
	at com.magneticreason.fitnium.api.FitniumInputFieldAPI.enterInInputField(FitniumInputFieldAPI.java:48)
	at com.magneticreason.fitnium.BaseFitniumFixture.enterInInputField(BaseFitniumFixture.java:1977)
	at sun.reflect.NativeMethodAccessorImpl.invoke0(Native Method)
	at sun.reflect.NativeMethodAccessorImpl.invoke(Unknown Source)
	at sun.reflect.DelegatingMethodAccessorImpl.invoke(Unknown Source)
	at java.lang.reflect.Method.invoke(Unknown Source)
	at fitlibrary.closure.MethodClosure.invoke(MethodClosure.java:31)
	at fitlibrary.closure.MethodClosure.invokeTyped(MethodClosure.java:24)
	at fitlibrary.closure.CalledMethodTarget.invokeTyped(CalledMethodTarget.java:67)
	at fitlibrary.closure.CalledMethodTarget.invokeTyped(CalledMethodTarget.java:82)
	at fitlibrary.closure.CalledMethodTarget.invokeAndWrap(CalledMethodTarget.java:242)
	at fitlibrary.traverse.workflow.caller.ActionCaller.run(ActionCaller.java:25)
	at fitlibrary.traverse.workflow.DoTraverseInterpreter.interpretRow(DoTraverseInterpreter.java:152)
	at fitlibrary.traverse.workflow.DoTraverseInterpreter.interpretWholeTable(DoTraverseInterpreter.java:94)
	at fitlibrary.traverse.workflow.DoTraverseInterpreter.interpretWholeTable(DoTraverseInterpreter.java:87)
	at fitlibrary.DoFixture.interpretWholeTable(DoFixture.java:69)
	at fitlibrary.suite.InFlowPageRunner.run(InFlowPageRunner.java:34)
	at fitlibrary.DoFixture.interpretTables(DoFixture.java:42)
	at fit.Fixture.doTables(Fixture.java:79)
	at fit.FitServer.process(FitServer.java:81)
	at fit.FitServer.run(FitServer.java:56)
	at fit.FitServer.main(FitServer.java:41)
</div></pre></td>
<td><a href="mailto:keith@magneticreason.com">keith@magneticreason.com</a></td>
<td>in input field</td>
<td>name=email</td>
</tr>
</table>
<br/>We would not normally do this, but lets check that all the values<br/>we entered are in the fields<br/><br/><table border="1" cellspacing="0">
<tr><td>check</td>
<td>value of element</td>
<td>name=firstname</td>
<td class="error">Keith<hr><pre><div class="fit_stacktrace">com.thoughtworks.selenium.SeleniumException: ERROR: Element name=firstname not found
	at com.thoughtworks.selenium.HttpCommandProcessor.throwAssertionFailureExceptionOrError(HttpCommandProcessor.java:97)
	at com.thoughtworks.selenium.HttpCommandProcessor.doCommand(HttpCommandProcessor.java:91)
	at com.thoughtworks.selenium.HttpCommandProcessor.getString(HttpCommandProcessor.java:262)
	at com.thoughtworks.selenium.DefaultSelenium.getValue(DefaultSelenium.java:431)
	at com.magneticreason.fitnium.api.FitniumElementAPI.valueOfElement(FitniumElementAPI.java:139)
	at com.magneticreason.fitnium.BaseFitniumFixture.valueOfElement(BaseFitniumFixture.java:1077)
	at sun.reflect.NativeMethodAccessorImpl.invoke0(Native Method)
	at sun.reflect.NativeMethodAccessorImpl.invoke(Unknown Source)
	at sun.reflect.DelegatingMethodAccessorImpl.invoke(Unknown Source)
	at java.lang.reflect.Method.invoke(Unknown Source)
	at fitlibrary.closure.MethodClosure.invoke(MethodClosure.java:31)
	at fitlibrary.closure.CalledMethodTarget.invoke(CalledMethodTarget.java:64)
	at fitlibrary.closure.CalledMethodTarget.invoke(CalledMethodTarget.java:93)
	at fitlibrary.closure.CalledMethodTarget.invokeAndCheck(CalledMethodTarget.java:118)
	at fitlibrary.traverse.workflow.DoTraverse.check(DoTraverse.java:185)
	at sun.reflect.NativeMethodAccessorImpl.invoke0(Native Method)
	at sun.reflect.NativeMethodAccessorImpl.invoke(Unknown Source)
	at sun.reflect.DelegatingMethodAccessorImpl.invoke(Unknown Source)
	at java.lang.reflect.Method.invoke(Unknown Source)
	at fitlibrary.closure.MethodClosure.invoke(MethodClosure.java:31)
	at fitlibrary.closure.CalledMethodTarget.invoke(CalledMethodTarget.java:64)
	at fitlibrary.traverse.workflow.caller.SpecialCaller.run(SpecialCaller.java:22)
	at fitlibrary.traverse.workflow.DoTraverseInterpreter.interpretRow(DoTraverseInterpreter.java:152)
	at fitlibrary.traverse.workflow.DoTraverseInterpreter.interpretWholeTable(DoTraverseInterpreter.java:94)
	at fitlibrary.traverse.workflow.DoTraverseInterpreter.interpretWholeTable(DoTraverseInterpreter.java:87)
	at fitlibrary.DoFixture.interpretWholeTable(DoFixture.java:69)
	at fitlibrary.suite.InFlowPageRunner.run(InFlowPageRunner.java:34)
	at fitlibrary.DoFixture.interpretTables(DoFixture.java:42)
	at fit.Fixture.doTables(Fixture.java:79)
	at fit.FitServer.process(FitServer.java:81)
	at fit.FitServer.run(FitServer.java:56)
	at fit.FitServer.main(FitServer.java:41)
</div></pre></td>
</tr>
<tr><td>check</td>
<td>value of element</td>
<td>name=midname</td>
<td class="error">Eugene<hr><pre><div class="fit_stacktrace">com.thoughtworks.selenium.SeleniumException: ERROR: Element name=midname not found
	at com.thoughtworks.selenium.HttpCommandProcessor.throwAssertionFailureExceptionOrError(HttpCommandProcessor.java:97)
	at com.thoughtworks.selenium.HttpCommandProcessor.doCommand(HttpCommandProcessor.java:91)
	at com.thoughtworks.selenium.HttpCommandProcessor.getString(HttpCommandProcessor.java:262)
	at com.thoughtworks.selenium.DefaultSelenium.getValue(DefaultSelenium.java:431)
	at com.magneticreason.fitnium.api.FitniumElementAPI.valueOfElement(FitniumElementAPI.java:139)
	at com.magneticreason.fitnium.BaseFitniumFixture.valueOfElement(BaseFitniumFixture.java:1077)
	at sun.reflect.NativeMethodAccessorImpl.invoke0(Native Method)
	at sun.reflect.NativeMethodAccessorImpl.invoke(Unknown Source)
	at sun.reflect.DelegatingMethodAccessorImpl.invoke(Unknown Source)
	at java.lang.reflect.Method.invoke(Unknown Source)
	at fitlibrary.closure.MethodClosure.invoke(MethodClosure.java:31)
	at fitlibrary.closure.CalledMethodTarget.invoke(CalledMethodTarget.java:64)
	at fitlibrary.closure.CalledMethodTarget.invoke(CalledMethodTarget.java:93)
	at fitlibrary.closure.CalledMethodTarget.invokeAndCheck(CalledMethodTarget.java:118)
	at fitlibrary.traverse.workflow.DoTraverse.check(DoTraverse.java:185)
	at sun.reflect.NativeMethodAccessorImpl.invoke0(Native Method)
	at sun.reflect.NativeMethodAccessorImpl.invoke(Unknown Source)
	at sun.reflect.DelegatingMethodAccessorImpl.invoke(Unknown Source)
	at java.lang.reflect.Method.invoke(Unknown Source)
	at fitlibrary.closure.MethodClosure.invoke(MethodClosure.java:31)
	at fitlibrary.closure.CalledMethodTarget.invoke(CalledMethodTarget.java:64)
	at fitlibrary.traverse.workflow.caller.SpecialCaller.run(SpecialCaller.java:22)
	at fitlibrary.traverse.workflow.DoTraverseInterpreter.interpretRow(DoTraverseInterpreter.java:152)
	at fitlibrary.traverse.workflow.DoTraverseInterpreter.interpretAfterFirstRow(DoTraverseInterpreter.java:64)
	at fitlibrary.traverse.workflow.DoTraverseInterpreter.interpretInFlow(DoTraverseInterpreter.java:132)
	at fitlibrary.traverse.workflow.DoTraverseInterpreter.interpretWholeTable(DoTraverseInterpreter.java:101)
	at fitlibrary.traverse.workflow.DoTraverseInterpreter.interpretWholeTable(DoTraverseInterpreter.java:87)
	at fitlibrary.DoFixture.interpretWholeTable(DoFixture.java:69)
	at fitlibrary.suite.InFlowPageRunner.run(InFlowPageRunner.java:34)
	at fitlibrary.DoFixture.interpretTables(DoFixture.java:42)
	at fit.Fixture.doTables(Fixture.java:79)
	at fit.FitServer.process(FitServer.java:81)
	at fit.FitServer.run(FitServer.java:56)
	at fit.FitServer.main(FitServer.java:41)
</div></pre></td>
</tr>
<tr><td>check</td>
<td>value of element</td>
<td>name=surname</td>
<td class="error">Sterling<hr><pre><div class="fit_stacktrace">com.thoughtworks.selenium.SeleniumException: ERROR: Element name=surname not found
	at com.thoughtworks.selenium.HttpCommandProcessor.throwAssertionFailureExceptionOrError(HttpCommandProcessor.java:97)
	at com.thoughtworks.selenium.HttpCommandProcessor.doCommand(HttpCommandProcessor.java:91)
	at com.thoughtworks.selenium.HttpCommandProcessor.getString(HttpCommandProcessor.java:262)
	at com.thoughtworks.selenium.DefaultSelenium.getValue(DefaultSelenium.java:431)
	at com.magneticreason.fitnium.api.FitniumElementAPI.valueOfElement(FitniumElementAPI.java:139)
	at com.magneticreason.fitnium.BaseFitniumFixture.valueOfElement(BaseFitniumFixture.java:1077)
	at sun.reflect.NativeMethodAccessorImpl.invoke0(Native Method)
	at sun.reflect.NativeMethodAccessorImpl.invoke(Unknown Source)
	at sun.reflect.DelegatingMethodAccessorImpl.invoke(Unknown Source)
	at java.lang.reflect.Method.invoke(Unknown Source)
	at fitlibrary.closure.MethodClosure.invoke(MethodClosure.java:31)
	at fitlibrary.closure.CalledMethodTarget.invoke(CalledMethodTarget.java:64)
	at fitlibrary.closure.CalledMethodTarget.invoke(CalledMethodTarget.java:93)
	at fitlibrary.closure.CalledMethodTarget.invokeAndCheck(CalledMethodTarget.java:118)
	at fitlibrary.traverse.workflow.DoTraverse.check(DoTraverse.java:185)
	at sun.reflect.NativeMethodAccessorImpl.invoke0(Native Method)
	at sun.reflect.NativeMethodAccessorImpl.invoke(Unknown Source)
	at sun.reflect.DelegatingMethodAccessorImpl.invoke(Unknown Source)
	at java.lang.reflect.Method.invoke(Unknown Source)
	at fitlibrary.closure.MethodClosure.invoke(MethodClosure.java:31)
	at fitlibrary.closure.CalledMethodTarget.invoke(CalledMethodTarget.java:64)
	at fitlibrary.traverse.workflow.caller.SpecialCaller.run(SpecialCaller.java:22)
	at fitlibrary.traverse.workflow.DoTraverseInterpreter.interpretRow(DoTraverseInterpreter.java:152)
	at fitlibrary.traverse.workflow.DoTraverseInterpreter.interpretAfterFirstRow(DoTraverseInterpreter.java:64)
	at fitlibrary.traverse.workflow.DoTraverseInterpreter.interpretInFlow(DoTraverseInterpreter.java:132)
	at fitlibrary.traverse.workflow.DoTraverseInterpreter.interpretWholeTable(DoTraverseInterpreter.java:101)
	at fitlibrary.traverse.workflow.DoTraverseInterpreter.interpretWholeTable(DoTraverseInterpreter.java:87)
	at fitlibrary.DoFixture.interpretWholeTable(DoFixture.java:69)
	at fitlibrary.suite.InFlowPageRunner.run(InFlowPageRunner.java:34)
	at fitlibrary.DoFixture.interpretTables(DoFixture.java:42)
	at fit.Fixture.doTables(Fixture.java:79)
	at fit.FitServer.process(FitServer.java:81)
	at fit.FitServer.run(FitServer.java:56)
	at fit.FitServer.main(FitServer.java:41)
</div></pre></td>
</tr>
</table>
<br/><table border="1" cellspacing="0">
<tr><td>check</td>
<td>does list</td>
<td>name=country</td>
<td>have selection</td>
<td class="error">true<hr><pre><div class="fit_stacktrace">com.thoughtworks.selenium.SeleniumException: ERROR: Element name=country not found
	at com.thoughtworks.selenium.HttpCommandProcessor.throwAssertionFailureExceptionOrError(HttpCommandProcessor.java:97)
	at com.thoughtworks.selenium.HttpCommandProcessor.doCommand(HttpCommandProcessor.java:91)
	at com.thoughtworks.selenium.HttpCommandProcessor.getString(HttpCommandProcessor.java:262)
	at com.thoughtworks.selenium.HttpCommandProcessor.getBoolean(HttpCommandProcessor.java:335)
	at com.thoughtworks.selenium.DefaultSelenium.isSomethingSelected(DefaultSelenium.java:487)
	at com.magneticreason.fitnium.api.FitniumListAPI.doesListHaveSelection(FitniumListAPI.java:34)
	at com.magneticreason.fitnium.BaseFitniumFixture.doesListHaveSelection(BaseFitniumFixture.java:2167)
	at sun.reflect.NativeMethodAccessorImpl.invoke0(Native Method)
	at sun.reflect.NativeMethodAccessorImpl.invoke(Unknown Source)
	at sun.reflect.DelegatingMethodAccessorImpl.invoke(Unknown Source)
	at java.lang.reflect.Method.invoke(Unknown Source)
	at fitlibrary.closure.MethodClosure.invoke(MethodClosure.java:31)
	at fitlibrary.closure.CalledMethodTarget.invoke(CalledMethodTarget.java:64)
	at fitlibrary.closure.CalledMethodTarget.invoke(CalledMethodTarget.java:93)
	at fitlibrary.closure.CalledMethodTarget.invokeAndCheck(CalledMethodTarget.java:118)
	at fitlibrary.traverse.workflow.DoTraverse.check(DoTraverse.java:185)
	at sun.reflect.NativeMethodAccessorImpl.invoke0(Native Method)
	at sun.reflect.NativeMethodAccessorImpl.invoke(Unknown Source)
	at sun.reflect.DelegatingMethodAccessorImpl.invoke(Unknown Source)
	at java.lang.reflect.Method.invoke(Unknown Source)
	at fitlibrary.closure.MethodClosure.invoke(MethodClosure.java:31)
	at fitlibrary.closure.CalledMethodTarget.invoke(CalledMethodTarget.java:64)
	at fitlibrary.traverse.workflow.caller.SpecialCaller.run(SpecialCaller.java:22)
	at fitlibrary.traverse.workflow.DoTraverseInterpreter.interpretRow(DoTraverseInterpreter.java:152)
	at fitlibrary.traverse.workflow.DoTraverseInterpreter.interpretWholeTable(DoTraverseInterpreter.java:94)
	at fitlibrary.traverse.workflow.DoTraverseInterpreter.interpretWholeTable(DoTraverseInterpreter.java:87)
	at fitlibrary.DoFixture.interpretWholeTable(DoFixture.java:69)
	at fitlibrary.suite.InFlowPageRunner.run(InFlowPageRunner.java:34)
	at fitlibrary.DoFixture.interpretTables(DoFixture.java:42)
	at fit.Fixture.doTables(Fixture.java:79)
	at fit.FitServer.process(FitServer.java:81)
	at fit.FitServer.run(FitServer.java:56)
	at fit.FitServer.main(FitServer.java:41)
</div></pre></td>
</tr>
</table>
<br/>Now lets submit the form<br/><br/><table border="1" cellspacing="0">
<tr><td class="error">click element<hr><pre><div class="fit_stacktrace">com.thoughtworks.selenium.SeleniumException: ERROR: Element id=send not found
	at com.thoughtworks.selenium.HttpCommandProcessor.throwAssertionFailureExceptionOrError(HttpCommandProcessor.java:97)
	at com.thoughtworks.selenium.HttpCommandProcessor.doCommand(HttpCommandProcessor.java:91)
	at com.thoughtworks.selenium.DefaultSelenium.click(DefaultSelenium.java:167)
	at com.magneticreason.fitnium.api.FitniumMouseAPI.clickElement(FitniumMouseAPI.java:23)
	at com.magneticreason.fitnium.BaseFitniumFixture.clickElement(BaseFitniumFixture.java:1727)
	at sun.reflect.NativeMethodAccessorImpl.invoke0(Native Method)
	at sun.reflect.NativeMethodAccessorImpl.invoke(Unknown Source)
	at sun.reflect.DelegatingMethodAccessorImpl.invoke(Unknown Source)
	at java.lang.reflect.Method.invoke(Unknown Source)
	at fitlibrary.closure.MethodClosure.invoke(MethodClosure.java:31)
	at fitlibrary.closure.MethodClosure.invokeTyped(MethodClosure.java:24)
	at fitlibrary.closure.CalledMethodTarget.invokeTyped(CalledMethodTarget.java:67)
	at fitlibrary.closure.CalledMethodTarget.invokeTyped(CalledMethodTarget.java:82)
	at fitlibrary.closure.CalledMethodTarget.invokeAndWrap(CalledMethodTarget.java:242)
	at fitlibrary.traverse.workflow.caller.ActionCaller.run(ActionCaller.java:25)
	at fitlibrary.traverse.workflow.DoTraverseInterpreter.interpretRow(DoTraverseInterpreter.java:152)
	at fitlibrary.traverse.workflow.DoTraverseInterpreter.interpretWholeTable(DoTraverseInterpreter.java:94)
	at fitlibrary.traverse.workflow.DoTraverseInterpreter.interpretWholeTable(DoTraverseInterpreter.java:87)
	at fitlibrary.DoFixture.interpretWholeTable(DoFixture.java:69)
	at fitlibrary.suite.InFlowPageRunner.run(InFlowPageRunner.java:34)
	at fitlibrary.DoFixture.interpretTables(DoFixture.java:42)
	at fit.Fixture.doTables(Fixture.java:79)
	at fit.FitServer.process(FitServer.java:81)
	at fit.FitServer.run(FitServer.java:56)
	at fit.FitServer.main(FitServer.java:41)
</div></pre></td>
<td colspan="3">id=send</td>
</tr>
<tr><td class="error">wait for page to load for<hr><pre><div class="fit_stacktrace">com.thoughtworks.selenium.SeleniumException: Timed out after 10000ms
	at com.thoughtworks.selenium.HttpCommandProcessor.throwAssertionFailureExceptionOrError(HttpCommandProcessor.java:97)
	at com.thoughtworks.selenium.HttpCommandProcessor.doCommand(HttpCommandProcessor.java:91)
	at com.thoughtworks.selenium.DefaultSelenium.waitForPageToLoad(DefaultSelenium.java:635)
	at com.magneticreason.fitnium.api.FitniumWaitAPI.waitForPageToLoadForSeconds(FitniumWaitAPI.java:1316)
	at com.magneticreason.fitnium.BaseFitniumFixture.waitForPageToLoadForSeconds(BaseFitniumFixture.java:4364)
	at sun.reflect.NativeMethodAccessorImpl.invoke0(Native Method)
	at sun.reflect.NativeMethodAccessorImpl.invoke(Unknown Source)
	at sun.reflect.DelegatingMethodAccessorImpl.invoke(Unknown Source)
	at java.lang.reflect.Method.invoke(Unknown Source)
	at fitlibrary.closure.MethodClosure.invoke(MethodClosure.java:31)
	at fitlibrary.closure.MethodClosure.invokeTyped(MethodClosure.java:24)
	at fitlibrary.closure.CalledMethodTarget.invokeTyped(CalledMethodTarget.java:67)
	at fitlibrary.closure.CalledMethodTarget.invokeTyped(CalledMethodTarget.java:82)
	at fitlibrary.closure.CalledMethodTarget.invokeAndWrap(CalledMethodTarget.java:242)
	at fitlibrary.traverse.workflow.caller.ActionCaller.run(ActionCaller.java:25)
	at fitlibrary.traverse.workflow.DoTraverseInterpreter.interpretRow(DoTraverseInterpreter.java:152)
	at fitlibrary.traverse.workflow.DoTraverseInterpreter.interpretAfterFirstRow(DoTraverseInterpreter.java:64)
	at fitlibrary.traverse.workflow.DoTraverseInterpreter.interpretInFlow(DoTraverseInterpreter.java:132)
	at fitlibrary.traverse.workflow.DoTraverseInterpreter.interpretWholeTable(DoTraverseInterpreter.java:101)
	at fitlibrary.traverse.workflow.DoTraverseInterpreter.interpretWholeTable(DoTraverseInterpreter.java:87)
	at fitlibrary.DoFixture.interpretWholeTable(DoFixture.java:69)
	at fitlibrary.suite.InFlowPageRunner.run(InFlowPageRunner.java:34)
	at fitlibrary.DoFixture.interpretTables(DoFixture.java:42)
	at fit.Fixture.doTables(Fixture.java:79)
	at fit.FitServer.process(FitServer.java:81)
	at fit.FitServer.run(FitServer.java:56)
	at fit.FitServer.main(FitServer.java:41)
</div></pre></td>
<td>10</td>
<td colspan="2">seconds</td>
</tr>
<tr><td>check</td>
<td>text of element</td>
<td>xpath=//h1</td>
<td class="error">Fitnium Test Page<hr><pre><div class="fit_stacktrace">com.thoughtworks.selenium.SeleniumException: ERROR: Element xpath=//h1 not found
	at com.thoughtworks.selenium.HttpCommandProcessor.throwAssertionFailureExceptionOrError(HttpCommandProcessor.java:97)
	at com.thoughtworks.selenium.HttpCommandProcessor.doCommand(HttpCommandProcessor.java:91)
	at com.thoughtworks.selenium.HttpCommandProcessor.getString(HttpCommandProcessor.java:262)
	at com.thoughtworks.selenium.DefaultSelenium.getText(DefaultSelenium.java:435)
	at com.magneticreason.fitnium.api.FitniumElementAPI.textOfElement(FitniumElementAPI.java:94)
	at com.magneticreason.fitnium.BaseFitniumFixture.textOfElement(BaseFitniumFixture.java:1038)
	at sun.reflect.NativeMethodAccessorImpl.invoke0(Native Method)
	at sun.reflect.NativeMethodAccessorImpl.invoke(Unknown Source)
	at sun.reflect.DelegatingMethodAccessorImpl.invoke(Unknown Source)
	at java.lang.reflect.Method.invoke(Unknown Source)
	at fitlibrary.closure.MethodClosure.invoke(MethodClosure.java:31)
	at fitlibrary.closure.CalledMethodTarget.invoke(CalledMethodTarget.java:64)
	at fitlibrary.closure.CalledMethodTarget.invoke(CalledMethodTarget.java:93)
	at fitlibrary.closure.CalledMethodTarget.invokeAndCheck(CalledMethodTarget.java:118)
	at fitlibrary.traverse.workflow.DoTraverse.check(DoTraverse.java:185)
	at sun.reflect.NativeMethodAccessorImpl.invoke0(Native Method)
	at sun.reflect.NativeMethodAccessorImpl.invoke(Unknown Source)
	at sun.reflect.DelegatingMethodAccessorImpl.invoke(Unknown Source)
	at java.lang.reflect.Method.invoke(Unknown Source)
	at fitlibrary.closure.MethodClosure.invoke(MethodClosure.java:31)
	at fitlibrary.closure.CalledMethodTarget.invoke(CalledMethodTarget.java:64)
	at fitlibrary.traverse.workflow.caller.SpecialCaller.run(SpecialCaller.java:22)
	at fitlibrary.traverse.workflow.DoTraverseInterpreter.interpretRow(DoTraverseInterpreter.java:152)
	at fitlibrary.traverse.workflow.DoTraverseInterpreter.interpretAfterFirstRow(DoTraverseInterpreter.java:64)
	at fitlibrary.traverse.workflow.DoTraverseInterpreter.interpretInFlow(DoTraverseInterpreter.java:132)
	at fitlibrary.traverse.workflow.DoTraverseInterpreter.interpretWholeTable(DoTraverseInterpreter.java:101)
	at fitlibrary.traverse.workflow.DoTraverseInterpreter.interpretWholeTable(DoTraverseInterpreter.java:87)
	at fitlibrary.DoFixture.interpretWholeTable(DoFixture.java:69)
	at fitlibrary.suite.InFlowPageRunner.run(InFlowPageRunner.java:34)
	at fitlibrary.DoFixture.interpretTables(DoFixture.java:42)
	at fit.Fixture.doTables(Fixture.java:79)
	at fit.FitServer.process(FitServer.java:81)
	at fit.FitServer.run(FitServer.java:56)
	at fit.FitServer.main(FitServer.java:41)
</div></pre></td>
</tr>
<tr><td>check</td>
<td>text of element</td>
<td>xpath=//div[@id='primaryContent']/div/p</td>
<td class="error">This is the second page that contains all the elements neccassary to test Fitnium<hr><pre><div class="fit_stacktrace">com.thoughtworks.selenium.SeleniumException: ERROR: Element xpath=//div[@id='primaryContent']/div/p not found
	at com.thoughtworks.selenium.HttpCommandProcessor.throwAssertionFailureExceptionOrError(HttpCommandProcessor.java:97)
	at com.thoughtworks.selenium.HttpCommandProcessor.doCommand(HttpCommandProcessor.java:91)
	at com.thoughtworks.selenium.HttpCommandProcessor.getString(HttpCommandProcessor.java:262)
	at com.thoughtworks.selenium.DefaultSelenium.getText(DefaultSelenium.java:435)
	at com.magneticreason.fitnium.api.FitniumElementAPI.textOfElement(FitniumElementAPI.java:94)
	at com.magneticreason.fitnium.BaseFitniumFixture.textOfElement(BaseFitniumFixture.java:1038)
	at sun.reflect.NativeMethodAccessorImpl.invoke0(Native Method)
	at sun.reflect.NativeMethodAccessorImpl.invoke(Unknown Source)
	at sun.reflect.DelegatingMethodAccessorImpl.invoke(Unknown Source)
	at java.lang.reflect.Method.invoke(Unknown Source)
	at fitlibrary.closure.MethodClosure.invoke(MethodClosure.java:31)
	at fitlibrary.closure.CalledMethodTarget.invoke(CalledMethodTarget.java:64)
	at fitlibrary.closure.CalledMethodTarget.invoke(CalledMethodTarget.java:93)
	at fitlibrary.closure.CalledMethodTarget.invokeAndCheck(CalledMethodTarget.java:118)
	at fitlibrary.traverse.workflow.DoTraverse.check(DoTraverse.java:185)
	at sun.reflect.NativeMethodAccessorImpl.invoke0(Native Method)
	at sun.reflect.NativeMethodAccessorImpl.invoke(Unknown Source)
	at sun.reflect.DelegatingMethodAccessorImpl.invoke(Unknown Source)
	at java.lang.reflect.Method.invoke(Unknown Source)
	at fitlibrary.closure.MethodClosure.invoke(MethodClosure.java:31)
	at fitlibrary.closure.CalledMethodTarget.invoke(CalledMethodTarget.java:64)
	at fitlibrary.traverse.workflow.caller.SpecialCaller.run(SpecialCaller.java:22)
	at fitlibrary.traverse.workflow.DoTraverseInterpreter.interpretRow(DoTraverseInterpreter.java:152)
	at fitlibrary.traverse.workflow.DoTraverseInterpreter.interpretAfterFirstRow(DoTraverseInterpreter.java:64)
	at fitlibrary.traverse.workflow.DoTraverseInterpreter.interpretInFlow(DoTraverseInterpreter.java:132)
	at fitlibrary.traverse.workflow.DoTraverseInterpreter.interpretWholeTable(DoTraverseInterpreter.java:101)
	at fitlibrary.traverse.workflow.DoTraverseInterpreter.interpretWholeTable(DoTraverseInterpreter.java:87)
	at fitlibrary.DoFixture.interpretWholeTable(DoFixture.java:69)
	at fitlibrary.suite.InFlowPageRunner.run(InFlowPageRunner.java:34)
	at fitlibrary.DoFixture.interpretTables(DoFixture.java:42)
	at fit.Fixture.doTables(Fixture.java:79)
	at fit.FitServer.process(FitServer.java:81)
	at fit.FitServer.run(FitServer.java:56)
	at fit.FitServer.main(FitServer.java:41)
</div></pre></td>
</tr>
</table>
<br/><table border="1" cellspacing="0">
<tr><td class="error">click radio button<hr><pre><div class="fit_stacktrace">com.thoughtworks.selenium.SeleniumException: ERROR: Element id=form_sexmale not found
	at com.thoughtworks.selenium.HttpCommandProcessor.throwAssertionFailureExceptionOrError(HttpCommandProcessor.java:97)
	at com.thoughtworks.selenium.HttpCommandProcessor.doCommand(HttpCommandProcessor.java:91)
	at com.thoughtworks.selenium.DefaultSelenium.check(DefaultSelenium.java:307)
	at com.magneticreason.fitnium.api.FitniumRadioButtonAPI.clickRadioButton(FitniumRadioButtonAPI.java:21)
	at com.magneticreason.fitnium.BaseFitniumFixture.clickRadioButton(BaseFitniumFixture.java:2571)
	at sun.reflect.NativeMethodAccessorImpl.invoke0(Native Method)
	at sun.reflect.NativeMethodAccessorImpl.invoke(Unknown Source)
	at sun.reflect.DelegatingMethodAccessorImpl.invoke(Unknown Source)
	at java.lang.reflect.Method.invoke(Unknown Source)
	at fitlibrary.closure.MethodClosure.invoke(MethodClosure.java:31)
	at fitlibrary.closure.MethodClosure.invokeTyped(MethodClosure.java:24)
	at fitlibrary.closure.CalledMethodTarget.invokeTyped(CalledMethodTarget.java:67)
	at fitlibrary.closure.CalledMethodTarget.invokeTyped(CalledMethodTarget.java:82)
	at fitlibrary.closure.CalledMethodTarget.invokeAndWrap(CalledMethodTarget.java:242)
	at fitlibrary.traverse.workflow.caller.ActionCaller.run(ActionCaller.java:25)
	at fitlibrary.traverse.workflow.DoTraverseInterpreter.interpretRow(DoTraverseInterpreter.java:152)
	at fitlibrary.traverse.workflow.DoTraverseInterpreter.interpretWholeTable(DoTraverseInterpreter.java:94)
	at fitlibrary.traverse.workflow.DoTraverseInterpreter.interpretWholeTable(DoTraverseInterpreter.java:87)
	at fitlibrary.DoFixture.interpretWholeTable(DoFixture.java:69)
	at fitlibrary.suite.InFlowPageRunner.run(InFlowPageRunner.java:34)
	at fitlibrary.DoFixture.interpretTables(DoFixture.java:42)
	at fit.Fixture.doTables(Fixture.java:79)
	at fit.FitServer.process(FitServer.java:81)
	at fit.FitServer.run(FitServer.java:56)
	at fit.FitServer.main(FitServer.java:41)
</div></pre></td>
<td colspan="3">id=form_sexmale</td>
</tr>
<tr><td class="error">enter<hr><pre><div class="fit_stacktrace">com.thoughtworks.selenium.SeleniumException: ERROR: Element name=age not found
	at com.thoughtworks.selenium.HttpCommandProcessor.throwAssertionFailureExceptionOrError(HttpCommandProcessor.java:97)
	at com.thoughtworks.selenium.HttpCommandProcessor.doCommand(HttpCommandProcessor.java:91)
	at com.thoughtworks.selenium.DefaultSelenium.type(DefaultSelenium.java:291)
	at com.magneticreason.fitnium.api.FitniumInputFieldAPI.enterInInputField(FitniumInputFieldAPI.java:48)
	at com.magneticreason.fitnium.BaseFitniumFixture.enterInInputField(BaseFitniumFixture.java:1977)
	at sun.reflect.NativeMethodAccessorImpl.invoke0(Native Method)
	at sun.reflect.NativeMethodAccessorImpl.invoke(Unknown Source)
	at sun.reflect.DelegatingMethodAccessorImpl.invoke(Unknown Source)
	at java.lang.reflect.Method.invoke(Unknown Source)
	at fitlibrary.closure.MethodClosure.invoke(MethodClosure.java:31)
	at fitlibrary.closure.MethodClosure.invokeTyped(MethodClosure.java:24)
	at fitlibrary.closure.CalledMethodTarget.invokeTyped(CalledMethodTarget.java:67)
	at fitlibrary.closure.CalledMethodTarget.invokeTyped(CalledMethodTarget.java:82)
	at fitlibrary.closure.CalledMethodTarget.invokeAndWrap(CalledMethodTarget.java:242)
	at fitlibrary.traverse.workflow.caller.ActionCaller.run(ActionCaller.java:25)
	at fitlibrary.traverse.workflow.DoTraverseInterpreter.interpretRow(DoTraverseInterpreter.java:152)
	at fitlibrary.traverse.workflow.DoTraverseInterpreter.interpretAfterFirstRow(DoTraverseInterpreter.java:64)
	at fitlibrary.traverse.workflow.DoTraverseInterpreter.interpretInFlow(DoTraverseInterpreter.java:132)
	at fitlibrary.traverse.workflow.DoTraverseInterpreter.interpretWholeTable(DoTraverseInterpreter.java:101)
	at fitlibrary.traverse.workflow.DoTraverseInterpreter.interpretWholeTable(DoTraverseInterpreter.java:87)
	at fitlibrary.DoFixture.interpretWholeTable(DoFixture.java:69)
	at fitlibrary.suite.InFlowPageRunner.run(InFlowPageRunner.java:34)
	at fitlibrary.DoFixture.interpretTables(DoFixture.java:42)
	at fit.Fixture.doTables(Fixture.java:79)
	at fit.FitServer.process(FitServer.java:81)
	at fit.FitServer.run(FitServer.java:56)
	at fit.FitServer.main(FitServer.java:41)
</div></pre></td>
<td>21</td>
<td>in input field</td>
<td>name=age</td>
</tr>
<tr><td class="error">enter<hr><pre><div class="fit_stacktrace">com.thoughtworks.selenium.SeleniumException: ERROR: Element name=addinfo not found
	at com.thoughtworks.selenium.HttpCommandProcessor.throwAssertionFailureExceptionOrError(HttpCommandProcessor.java:97)
	at com.thoughtworks.selenium.HttpCommandProcessor.doCommand(HttpCommandProcessor.java:91)
	at com.thoughtworks.selenium.DefaultSelenium.type(DefaultSelenium.java:291)
	at com.magneticreason.fitnium.api.FitniumInputFieldAPI.enterInInputField(FitniumInputFieldAPI.java:48)
	at com.magneticreason.fitnium.BaseFitniumFixture.enterInInputField(BaseFitniumFixture.java:1977)
	at sun.reflect.NativeMethodAccessorImpl.invoke0(Native Method)
	at sun.reflect.NativeMethodAccessorImpl.invoke(Unknown Source)
	at sun.reflect.DelegatingMethodAccessorImpl.invoke(Unknown Source)
	at java.lang.reflect.Method.invoke(Unknown Source)
	at fitlibrary.closure.MethodClosure.invoke(MethodClosure.java:31)
	at fitlibrary.closure.MethodClosure.invokeTyped(MethodClosure.java:24)
	at fitlibrary.closure.CalledMethodTarget.invokeTyped(CalledMethodTarget.java:67)
	at fitlibrary.closure.CalledMethodTarget.invokeTyped(CalledMethodTarget.java:82)
	at fitlibrary.closure.CalledMethodTarget.invokeAndWrap(CalledMethodTarget.java:242)
	at fitlibrary.traverse.workflow.caller.ActionCaller.run(ActionCaller.java:25)
	at fitlibrary.traverse.workflow.DoTraverseInterpreter.interpretRow(DoTraverseInterpreter.java:152)
	at fitlibrary.traverse.workflow.DoTraverseInterpreter.interpretAfterFirstRow(DoTraverseInterpreter.java:64)
	at fitlibrary.traverse.workflow.DoTraverseInterpreter.interpretInFlow(DoTraverseInterpreter.java:132)
	at fitlibrary.traverse.workflow.DoTraverseInterpreter.interpretWholeTable(DoTraverseInterpreter.java:101)
	at fitlibrary.traverse.workflow.DoTraverseInterpreter.interpretWholeTable(DoTraverseInterpreter.java:87)
	at fitlibrary.DoFixture.interpretWholeTable(DoFixture.java:69)
	at fitlibrary.suite.InFlowPageRunner.run(InFlowPageRunner.java:34)
	at fitlibrary.DoFixture.interpretTables(DoFixture.java:42)
	at fit.Fixture.doTables(Fixture.java:79)
	at fit.FitServer.process(FitServer.java:81)
	at fit.FitServer.run(FitServer.java:56)
	at fit.FitServer.main(FitServer.java:41)
</div></pre></td>
<td>This is a description that has no value</td>
<td>in input field</td>
<td>name=addinfo</td>
</tr>
<tr><td class="error">click check box<hr><pre><div class="fit_stacktrace">com.thoughtworks.selenium.SeleniumException: ERROR: Element name=tsandcs not found
	at com.thoughtworks.selenium.HttpCommandProcessor.throwAssertionFailureExceptionOrError(HttpCommandProcessor.java:97)
	at com.thoughtworks.selenium.HttpCommandProcessor.doCommand(HttpCommandProcessor.java:91)
	at com.thoughtworks.selenium.DefaultSelenium.check(DefaultSelenium.java:307)
	at com.magneticreason.fitnium.api.FitniumCheckBoxAPI.clickCheckBox(FitniumCheckBoxAPI.java:18)
	at com.magneticreason.fitnium.BaseFitniumFixture.clickCheckBox(BaseFitniumFixture.java:2623)
	at sun.reflect.NativeMethodAccessorImpl.invoke0(Native Method)
	at sun.reflect.NativeMethodAccessorImpl.invoke(Unknown Source)
	at sun.reflect.DelegatingMethodAccessorImpl.invoke(Unknown Source)
	at java.lang.reflect.Method.invoke(Unknown Source)
	at fitlibrary.closure.MethodClosure.invoke(MethodClosure.java:31)
	at fitlibrary.closure.MethodClosure.invokeTyped(MethodClosure.java:24)
	at fitlibrary.closure.CalledMethodTarget.invokeTyped(CalledMethodTarget.java:67)
	at fitlibrary.closure.CalledMethodTarget.invokeTyped(CalledMethodTarget.java:82)
	at fitlibrary.closure.CalledMethodTarget.invokeAndWrap(CalledMethodTarget.java:242)
	at fitlibrary.traverse.workflow.caller.ActionCaller.run(ActionCaller.java:25)
	at fitlibrary.traverse.workflow.DoTraverseInterpreter.interpretRow(DoTraverseInterpreter.java:152)
	at fitlibrary.traverse.workflow.DoTraverseInterpreter.interpretAfterFirstRow(DoTraverseInterpreter.java:64)
	at fitlibrary.traverse.workflow.DoTraverseInterpreter.interpretInFlow(DoTraverseInterpreter.java:132)
	at fitlibrary.traverse.workflow.DoTraverseInterpreter.interpretWholeTable(DoTraverseInterpreter.java:101)
	at fitlibrary.traverse.workflow.DoTraverseInterpreter.interpretWholeTable(DoTraverseInterpreter.java:87)
	at fitlibrary.DoFixture.interpretWholeTable(DoFixture.java:69)
	at fitlibrary.suite.InFlowPageRunner.run(InFlowPageRunner.java:34)
	at fitlibrary.DoFixture.interpretTables(DoFixture.java:42)
	at fit.Fixture.doTables(Fixture.java:79)
	at fit.FitServer.process(FitServer.java:81)
	at fit.FitServer.run(FitServer.java:56)
	at fit.FitServer.main(FitServer.java:41)
</div></pre></td>
<td colspan="3">name=tsandcs</td>
</tr>
<tr><td class="error">click check box<hr><pre><div class="fit_stacktrace">com.thoughtworks.selenium.SeleniumException: ERROR: Element name=junk not found
	at com.thoughtworks.selenium.HttpCommandProcessor.throwAssertionFailureExceptionOrError(HttpCommandProcessor.java:97)
	at com.thoughtworks.selenium.HttpCommandProcessor.doCommand(HttpCommandProcessor.java:91)
	at com.thoughtworks.selenium.DefaultSelenium.check(DefaultSelenium.java:307)
	at com.magneticreason.fitnium.api.FitniumCheckBoxAPI.clickCheckBox(FitniumCheckBoxAPI.java:18)
	at com.magneticreason.fitnium.BaseFitniumFixture.clickCheckBox(BaseFitniumFixture.java:2623)
	at sun.reflect.NativeMethodAccessorImpl.invoke0(Native Method)
	at sun.reflect.NativeMethodAccessorImpl.invoke(Unknown Source)
	at sun.reflect.DelegatingMethodAccessorImpl.invoke(Unknown Source)
	at java.lang.reflect.Method.invoke(Unknown Source)
	at fitlibrary.closure.MethodClosure.invoke(MethodClosure.java:31)
	at fitlibrary.closure.MethodClosure.invokeTyped(MethodClosure.java:24)
	at fitlibrary.closure.CalledMethodTarget.invokeTyped(CalledMethodTarget.java:67)
	at fitlibrary.closure.CalledMethodTarget.invokeTyped(CalledMethodTarget.java:82)
	at fitlibrary.closure.CalledMethodTarget.invokeAndWrap(CalledMethodTarget.java:242)
	at fitlibrary.traverse.workflow.caller.ActionCaller.run(ActionCaller.java:25)
	at fitlibrary.traverse.workflow.DoTraverseInterpreter.interpretRow(DoTraverseInterpreter.java:152)
	at fitlibrary.traverse.workflow.DoTraverseInterpreter.interpretAfterFirstRow(DoTraverseInterpreter.java:64)
	at fitlibrary.traverse.workflow.DoTraverseInterpreter.interpretInFlow(DoTraverseInterpreter.java:132)
	at fitlibrary.traverse.workflow.DoTraverseInterpreter.interpretWholeTable(DoTraverseInterpreter.java:101)
	at fitlibrary.traverse.workflow.DoTraverseInterpreter.interpretWholeTable(DoTraverseInterpreter.java:87)
	at fitlibrary.DoFixture.interpretWholeTable(DoFixture.java:69)
	at fitlibrary.suite.InFlowPageRunner.run(InFlowPageRunner.java:34)
	at fitlibrary.DoFixture.interpretTables(DoFixture.java:42)
	at fit.Fixture.doTables(Fixture.java:79)
	at fit.FitServer.process(FitServer.java:81)
	at fit.FitServer.run(FitServer.java:56)
	at fit.FitServer.main(FitServer.java:41)
</div></pre></td>
<td colspan="3">name=junk</td>
</tr>
</table>
<br/>Now lets submit the form again<br/><br/><table border="1" cellspacing="0">
<tr><td class="error">click element<hr><pre><div class="fit_stacktrace">com.thoughtworks.selenium.SeleniumException: ERROR: Element id=send not found
	at com.thoughtworks.selenium.HttpCommandProcessor.throwAssertionFailureExceptionOrError(HttpCommandProcessor.java:97)
	at com.thoughtworks.selenium.HttpCommandProcessor.doCommand(HttpCommandProcessor.java:91)
	at com.thoughtworks.selenium.DefaultSelenium.click(DefaultSelenium.java:167)
	at com.magneticreason.fitnium.api.FitniumMouseAPI.clickElement(FitniumMouseAPI.java:23)
	at com.magneticreason.fitnium.BaseFitniumFixture.clickElement(BaseFitniumFixture.java:1727)
	at sun.reflect.NativeMethodAccessorImpl.invoke0(Native Method)
	at sun.reflect.NativeMethodAccessorImpl.invoke(Unknown Source)
	at sun.reflect.DelegatingMethodAccessorImpl.invoke(Unknown Source)
	at java.lang.reflect.Method.invoke(Unknown Source)
	at fitlibrary.closure.MethodClosure.invoke(MethodClosure.java:31)
	at fitlibrary.closure.MethodClosure.invokeTyped(MethodClosure.java:24)
	at fitlibrary.closure.CalledMethodTarget.invokeTyped(CalledMethodTarget.java:67)
	at fitlibrary.closure.CalledMethodTarget.invokeTyped(CalledMethodTarget.java:82)
	at fitlibrary.closure.CalledMethodTarget.invokeAndWrap(CalledMethodTarget.java:242)
	at fitlibrary.traverse.workflow.caller.ActionCaller.run(ActionCaller.java:25)
	at fitlibrary.traverse.workflow.DoTraverseInterpreter.interpretRow(DoTraverseInterpreter.java:152)
	at fitlibrary.traverse.workflow.DoTraverseInterpreter.interpretWholeTable(DoTraverseInterpreter.java:94)
	at fitlibrary.traverse.workflow.DoTraverseInterpreter.interpretWholeTable(DoTraverseInterpreter.java:87)
	at fitlibrary.DoFixture.interpretWholeTable(DoFixture.java:69)
	at fitlibrary.suite.InFlowPageRunner.run(InFlowPageRunner.java:34)
	at fitlibrary.DoFixture.interpretTables(DoFixture.java:42)
	at fit.Fixture.doTables(Fixture.java:79)
	at fit.FitServer.process(FitServer.java:81)
	at fit.FitServer.run(FitServer.java:56)
	at fit.FitServer.main(FitServer.java:41)
</div></pre></td>
<td colspan="3">id=send</td>
</tr>
<tr><td class="error">wait for page to load for<hr><pre><div class="fit_stacktrace">com.thoughtworks.selenium.SeleniumException: Timed out after 10000ms
	at com.thoughtworks.selenium.HttpCommandProcessor.throwAssertionFailureExceptionOrError(HttpCommandProcessor.java:97)
	at com.thoughtworks.selenium.HttpCommandProcessor.doCommand(HttpCommandProcessor.java:91)
	at com.thoughtworks.selenium.DefaultSelenium.waitForPageToLoad(DefaultSelenium.java:635)
	at com.magneticreason.fitnium.api.FitniumWaitAPI.waitForPageToLoadForSeconds(FitniumWaitAPI.java:1316)
	at com.magneticreason.fitnium.BaseFitniumFixture.waitForPageToLoadForSeconds(BaseFitniumFixture.java:4364)
	at sun.reflect.NativeMethodAccessorImpl.invoke0(Native Method)
	at sun.reflect.NativeMethodAccessorImpl.invoke(Unknown Source)
	at sun.reflect.DelegatingMethodAccessorImpl.invoke(Unknown Source)
	at java.lang.reflect.Method.invoke(Unknown Source)
	at fitlibrary.closure.MethodClosure.invoke(MethodClosure.java:31)
	at fitlibrary.closure.MethodClosure.invokeTyped(MethodClosure.java:24)
	at fitlibrary.closure.CalledMethodTarget.invokeTyped(CalledMethodTarget.java:67)
	at fitlibrary.closure.CalledMethodTarget.invokeTyped(CalledMethodTarget.java:82)
	at fitlibrary.closure.CalledMethodTarget.invokeAndWrap(CalledMethodTarget.java:242)
	at fitlibrary.traverse.workflow.caller.ActionCaller.run(ActionCaller.java:25)
	at fitlibrary.traverse.workflow.DoTraverseInterpreter.interpretRow(DoTraverseInterpreter.java:152)
	at fitlibrary.traverse.workflow.DoTraverseInterpreter.interpretAfterFirstRow(DoTraverseInterpreter.java:64)
	at fitlibrary.traverse.workflow.DoTraverseInterpreter.interpretInFlow(DoTraverseInterpreter.java:132)
	at fitlibrary.traverse.workflow.DoTraverseInterpreter.interpretWholeTable(DoTraverseInterpreter.java:101)
	at fitlibrary.traverse.workflow.DoTraverseInterpreter.interpretWholeTable(DoTraverseInterpreter.java:87)
	at fitlibrary.DoFixture.interpretWholeTable(DoFixture.java:69)
	at fitlibrary.suite.InFlowPageRunner.run(InFlowPageRunner.java:34)
	at fitlibrary.DoFixture.interpretTables(DoFixture.java:42)
	at fit.Fixture.doTables(Fixture.java:79)
	at fit.FitServer.process(FitServer.java:81)
	at fit.FitServer.run(FitServer.java:56)
	at fit.FitServer.main(FitServer.java:41)
</div></pre></td>
<td>10</td>
<td colspan="2">seconds</td>
</tr>
<tr><td>check</td>
<td>text of element</td>
<td>xpath=//h1</td>
<td class="error">Fitnium Test Page<hr><pre><div class="fit_stacktrace">com.thoughtworks.selenium.SeleniumException: ERROR: Element xpath=//h1 not found
	at com.thoughtworks.selenium.HttpCommandProcessor.throwAssertionFailureExceptionOrError(HttpCommandProcessor.java:97)
	at com.thoughtworks.selenium.HttpCommandProcessor.doCommand(HttpCommandProcessor.java:91)
	at com.thoughtworks.selenium.HttpCommandProcessor.getString(HttpCommandProcessor.java:262)
	at com.thoughtworks.selenium.DefaultSelenium.getText(DefaultSelenium.java:435)
	at com.magneticreason.fitnium.api.FitniumElementAPI.textOfElement(FitniumElementAPI.java:94)
	at com.magneticreason.fitnium.BaseFitniumFixture.textOfElement(BaseFitniumFixture.java:1038)
	at sun.reflect.NativeMethodAccessorImpl.invoke0(Native Method)
	at sun.reflect.NativeMethodAccessorImpl.invoke(Unknown Source)
	at sun.reflect.DelegatingMethodAccessorImpl.invoke(Unknown Source)
	at java.lang.reflect.Method.invoke(Unknown Source)
	at fitlibrary.closure.MethodClosure.invoke(MethodClosure.java:31)
	at fitlibrary.closure.CalledMethodTarget.invoke(CalledMethodTarget.java:64)
	at fitlibrary.closure.CalledMethodTarget.invoke(CalledMethodTarget.java:93)
	at fitlibrary.closure.CalledMethodTarget.invokeAndCheck(CalledMethodTarget.java:118)
	at fitlibrary.traverse.workflow.DoTraverse.check(DoTraverse.java:185)
	at sun.reflect.NativeMethodAccessorImpl.invoke0(Native Method)
	at sun.reflect.NativeMethodAccessorImpl.invoke(Unknown Source)
	at sun.reflect.DelegatingMethodAccessorImpl.invoke(Unknown Source)
	at java.lang.reflect.Method.invoke(Unknown Source)
	at fitlibrary.closure.MethodClosure.invoke(MethodClosure.java:31)
	at fitlibrary.closure.CalledMethodTarget.invoke(CalledMethodTarget.java:64)
	at fitlibrary.traverse.workflow.caller.SpecialCaller.run(SpecialCaller.java:22)
	at fitlibrary.traverse.workflow.DoTraverseInterpreter.interpretRow(DoTraverseInterpreter.java:152)
	at fitlibrary.traverse.workflow.DoTraverseInterpreter.interpretAfterFirstRow(DoTraverseInterpreter.java:64)
	at fitlibrary.traverse.workflow.DoTraverseInterpreter.interpretInFlow(DoTraverseInterpreter.java:132)
	at fitlibrary.traverse.workflow.DoTraverseInterpreter.interpretWholeTable(DoTraverseInterpreter.java:101)
	at fitlibrary.traverse.workflow.DoTraverseInterpreter.interpretWholeTable(DoTraverseInterpreter.java:87)
	at fitlibrary.DoFixture.interpretWholeTable(DoFixture.java:69)
	at fitlibrary.suite.InFlowPageRunner.run(InFlowPageRunner.java:34)
	at fitlibrary.DoFixture.interpretTables(DoFixture.java:42)
	at fit.Fixture.doTables(Fixture.java:79)
	at fit.FitServer.process(FitServer.java:81)
	at fit.FitServer.run(FitServer.java:56)
	at fit.FitServer.main(FitServer.java:41)
</div></pre></td>
</tr>
<tr><td>check</td>
<td>text of element</td>
<td>xpath=//div[@id='primaryContent']/div/p</td>
<td class="error">Congratulations, you are registered for what ever you have just signed up for<hr><pre><div class="fit_stacktrace">com.thoughtworks.selenium.SeleniumException: ERROR: Element xpath=//div[@id='primaryContent']/div/p not found
	at com.thoughtworks.selenium.HttpCommandProcessor.throwAssertionFailureExceptionOrError(HttpCommandProcessor.java:97)
	at com.thoughtworks.selenium.HttpCommandProcessor.doCommand(HttpCommandProcessor.java:91)
	at com.thoughtworks.selenium.HttpCommandProcessor.getString(HttpCommandProcessor.java:262)
	at com.thoughtworks.selenium.DefaultSelenium.getText(DefaultSelenium.java:435)
	at com.magneticreason.fitnium.api.FitniumElementAPI.textOfElement(FitniumElementAPI.java:94)
	at com.magneticreason.fitnium.BaseFitniumFixture.textOfElement(BaseFitniumFixture.java:1038)
	at sun.reflect.NativeMethodAccessorImpl.invoke0(Native Method)
	at sun.reflect.NativeMethodAccessorImpl.invoke(Unknown Source)
	at sun.reflect.DelegatingMethodAccessorImpl.invoke(Unknown Source)
	at java.lang.reflect.Method.invoke(Unknown Source)
	at fitlibrary.closure.MethodClosure.invoke(MethodClosure.java:31)
	at fitlibrary.closure.CalledMethodTarget.invoke(CalledMethodTarget.java:64)
	at fitlibrary.closure.CalledMethodTarget.invoke(CalledMethodTarget.java:93)
	at fitlibrary.closure.CalledMethodTarget.invokeAndCheck(CalledMethodTarget.java:118)
	at fitlibrary.traverse.workflow.DoTraverse.check(DoTraverse.java:185)
	at sun.reflect.GeneratedMethodAccessor1.invoke(Unknown Source)
	at sun.reflect.DelegatingMethodAccessorImpl.invoke(Unknown Source)
	at java.lang.reflect.Method.invoke(Unknown Source)
	at fitlibrary.closure.MethodClosure.invoke(MethodClosure.java:31)
	at fitlibrary.closure.CalledMethodTarget.invoke(CalledMethodTarget.java:64)
	at fitlibrary.traverse.workflow.caller.SpecialCaller.run(SpecialCaller.java:22)
	at fitlibrary.traverse.workflow.DoTraverseInterpreter.interpretRow(DoTraverseInterpreter.java:152)
	at fitlibrary.traverse.workflow.DoTraverseInterpreter.interpretAfterFirstRow(DoTraverseInterpreter.java:64)
	at fitlibrary.traverse.workflow.DoTraverseInterpreter.interpretInFlow(DoTraverseInterpreter.java:132)
	at fitlibrary.traverse.workflow.DoTraverseInterpreter.interpretWholeTable(DoTraverseInterpreter.java:101)
	at fitlibrary.traverse.workflow.DoTraverseInterpreter.interpretWholeTable(DoTraverseInterpreter.java:87)
	at fitlibrary.DoFixture.interpretWholeTable(DoFixture.java:69)
	at fitlibrary.suite.InFlowPageRunner.run(InFlowPageRunner.java:34)
	at fitlibrary.DoFixture.interpretTables(DoFixture.java:42)
	at fit.Fixture.doTables(Fixture.java:79)
	at fit.FitServer.process(FitServer.java:81)
	at fit.FitServer.run(FitServer.java:56)
	at fit.FitServer.main(FitServer.java:41)
</div></pre></td>
</tr>
</table>
<br/>Test Complete lets close the browser<br/><br/><table border="1" cellspacing="0">
<tr><td>close the browser</td>
</tr>
</table>
]]></content>
    <relativePageName>FormTest</relativePageName>
    
    
    
  </result>
  
  
  <finalCounts>
    <right>0</right>
    <wrong>0</wrong>
    <ignores>0</ignores>
    <exceptions>0</exceptions>
  </finalCounts>
  
</testResults>

